{"C:\\Users\\justt\\OneDrive\\Documents\\Belajar\\novel-reader\\src\\api\\index.ts": {"path":"C:\\Users\\justt\\OneDrive\\Documents\\Belajar\\novel-reader\\src\\api\\index.ts","statementMap":{"0":{"start":{"line":32,"column":17},"end":{"line":32,"column":null}},"1":{"start":{"line":39,"column":92},"end":{"line":39,"column":null}},"2":{"start":{"line":42,"column":2},"end":{"line":48,"column":null}},"3":{"start":{"line":46,"column":4},"end":{"line":48,"column":null}},"4":{"start":{"line":50,"column":2},"end":{"line":50,"column":null}},"5":{"start":{"line":58,"column":2},"end":{"line":58,"column":null}},"6":{"start":{"line":70,"column":4},"end":{"line":70,"column":null}},"7":{"start":{"line":71,"column":4},"end":{"line":71,"column":null}},"8":{"start":{"line":72,"column":4},"end":{"line":72,"column":null}},"9":{"start":{"line":73,"column":4},"end":{"line":73,"column":null}},"10":{"start":{"line":92,"column":17},"end":{"line":92,"column":null}},"11":{"start":{"line":93,"column":18},"end":{"line":93,"column":null}},"12":{"start":{"line":95,"column":8},"end":{"line":106,"column":null}},"13":{"start":{"line":96,"column":44},"end":{"line":96,"column":46}},"14":{"start":{"line":97,"column":4},"end":{"line":98,"column":null}},"15":{"start":{"line":98,"column":6},"end":{"line":98,"column":null}},"16":{"start":{"line":100,"column":4},"end":{"line":103,"column":null}},"17":{"start":{"line":101,"column":19},"end":{"line":101,"column":33}},"18":{"start":{"line":102,"column":6},"end":{"line":103,"column":null}},"19":{"start":{"line":103,"column":8},"end":{"line":103,"column":null}},"20":{"start":{"line":106,"column":4},"end":{"line":106,"column":null}},"21":{"start":{"line":109,"column":8},"end":{"line":113,"column":null}},"22":{"start":{"line":109,"column":40},"end":{"line":113,"column":null}},"23":{"start":{"line":117,"column":2},"end":{"line":120,"column":null}},"24":{"start":{"line":118,"column":4},"end":{"line":118,"column":null}},"25":{"start":{"line":120,"column":4},"end":{"line":120,"column":null}},"26":{"start":{"line":124,"column":2},"end":{"line":139,"column":null}},"27":{"start":{"line":125,"column":17},"end":{"line":125,"column":31}},"28":{"start":{"line":127,"column":22},"end":{"line":127,"column":50}},"29":{"start":{"line":128,"column":4},"end":{"line":139,"column":null}},"30":{"start":{"line":130,"column":6},"end":{"line":133,"column":null}},"31":{"start":{"line":131,"column":8},"end":{"line":131,"column":null}},"32":{"start":{"line":133,"column":8},"end":{"line":133,"column":null}},"33":{"start":{"line":137,"column":6},"end":{"line":137,"column":null}},"34":{"start":{"line":138,"column":6},"end":{"line":138,"column":null}},"35":{"start":{"line":139,"column":6},"end":{"line":139,"column":null}},"36":{"start":{"line":143,"column":2},"end":{"line":144,"column":null}},"37":{"start":{"line":144,"column":4},"end":{"line":144,"column":null}},"38":{"start":{"line":148,"column":2},"end":{"line":149,"column":null}},"39":{"start":{"line":149,"column":4},"end":{"line":149,"column":null}},"40":{"start":{"line":152,"column":2},"end":{"line":155,"column":null}},"41":{"start":{"line":153,"column":4},"end":{"line":153,"column":null}},"42":{"start":{"line":155,"column":4},"end":{"line":155,"column":null}},"43":{"start":{"line":165,"column":17},"end":{"line":165,"column":60}},"44":{"start":{"line":166,"column":2},"end":{"line":167,"column":null}},"45":{"start":{"line":167,"column":4},"end":{"line":167,"column":null}},"46":{"start":{"line":169,"column":2},"end":{"line":169,"column":null}},"47":{"start":{"line":176,"column":2},"end":{"line":176,"column":null}},"48":{"start":{"line":183,"column":2},"end":{"line":185,"column":null}},"49":{"start":{"line":194,"column":2},"end":{"line":195,"column":null}},"50":{"start":{"line":195,"column":4},"end":{"line":195,"column":null}},"51":{"start":{"line":197,"column":12},"end":{"line":197,"column":31}},"52":{"start":{"line":198,"column":2},"end":{"line":201,"column":null}},"53":{"start":{"line":200,"column":6},"end":{"line":200,"column":85}},"54":{"start":{"line":207,"column":2},"end":{"line":210,"column":null}},"55":{"start":{"line":214,"column":2},"end":{"line":217,"column":null}},"56":{"start":{"line":221,"column":2},"end":{"line":224,"column":null}},"57":{"start":{"line":228,"column":2},"end":{"line":231,"column":null}},"58":{"start":{"line":237,"column":2},"end":{"line":237,"column":null}},"59":{"start":{"line":241,"column":2},"end":{"line":244,"column":null}},"60":{"start":{"line":248,"column":2},"end":{"line":251,"column":null}},"61":{"start":{"line":255,"column":2},"end":{"line":255,"column":null}},"62":{"start":{"line":261,"column":2},"end":{"line":261,"column":null}},"63":{"start":{"line":265,"column":2},"end":{"line":269,"column":null}},"64":{"start":{"line":275,"column":2},"end":{"line":277,"column":null}},"65":{"start":{"line":281,"column":2},"end":{"line":288,"column":null}},"66":{"start":{"line":292,"column":2},"end":{"line":298,"column":null}},"67":{"start":{"line":304,"column":2},"end":{"line":304,"column":null}},"68":{"start":{"line":308,"column":2},"end":{"line":312,"column":null}},"69":{"start":{"line":316,"column":2},"end":{"line":319,"column":null}},"70":{"start":{"line":325,"column":2},"end":{"line":325,"column":null}},"71":{"start":{"line":329,"column":2},"end":{"line":333,"column":null}},"72":{"start":{"line":337,"column":2},"end":{"line":341,"column":null}},"73":{"start":{"line":345,"column":2},"end":{"line":348,"column":null}},"74":{"start":{"line":356,"column":15},"end":{"line":356,"column":29}},"75":{"start":{"line":358,"column":19},"end":{"line":358,"column":33}},"76":{"start":{"line":359,"column":2},"end":{"line":359,"column":null}},"77":{"start":{"line":361,"column":42},"end":{"line":361,"column":44}},"78":{"start":{"line":362,"column":2},"end":{"line":363,"column":null}},"79":{"start":{"line":363,"column":4},"end":{"line":363,"column":null}},"80":{"start":{"line":367,"column":2},"end":{"line":374,"column":null}},"81":{"start":{"line":368,"column":4},"end":{"line":372,"column":null}},"82":{"start":{"line":374,"column":4},"end":{"line":374,"column":null}},"83":{"start":{"line":377,"column":2},"end":{"line":378,"column":null}},"84":{"start":{"line":378,"column":4},"end":{"line":378,"column":null}},"85":{"start":{"line":381,"column":2},"end":{"line":384,"column":null}},"86":{"start":{"line":382,"column":4},"end":{"line":382,"column":null}},"87":{"start":{"line":384,"column":4},"end":{"line":384,"column":null}},"88":{"start":{"line":391,"column":2},"end":{"line":394,"column":null}},"89":{"start":{"line":398,"column":2},"end":{"line":405,"column":null}},"90":{"start":{"line":413,"column":2},"end":{"line":420,"column":null}},"91":{"start":{"line":424,"column":2},"end":{"line":430,"column":null}},"92":{"start":{"line":440,"column":2},"end":{"line":440,"column":null}},"93":{"start":{"line":446,"column":2},"end":{"line":446,"column":null}},"94":{"start":{"line":450,"column":2},"end":{"line":454,"column":null}},"95":{"start":{"line":458,"column":2},"end":{"line":461,"column":null}},"96":{"start":{"line":471,"column":17},"end":{"line":471,"column":48}},"97":{"start":{"line":472,"column":2},"end":{"line":472,"column":null}},"98":{"start":{"line":479,"column":17},"end":{"line":479,"column":47}},"99":{"start":{"line":480,"column":2},"end":{"line":480,"column":null}},"100":{"start":{"line":487,"column":2},"end":{"line":487,"column":null}},"101":{"start":{"line":494,"column":2},"end":{"line":494,"column":null}},"102":{"start":{"line":501,"column":2},"end":{"line":501,"column":null}},"103":{"start":{"line":509,"column":17},"end":{"line":509,"column":62}},"104":{"start":{"line":510,"column":2},"end":{"line":510,"column":null}},"105":{"start":{"line":519,"column":2},"end":{"line":519,"column":null}},"106":{"start":{"line":526,"column":2},"end":{"line":526,"column":null}},"107":{"start":{"line":533,"column":2},"end":{"line":537,"column":null}},"108":{"start":{"line":544,"column":2},"end":{"line":548,"column":null}},"109":{"start":{"line":555,"column":2},"end":{"line":558,"column":null}},"110":{"start":{"line":565,"column":2},"end":{"line":565,"column":null}},"111":{"start":{"line":573,"column":2},"end":{"line":577,"column":null}},"112":{"start":{"line":588,"column":17},"end":{"line":588,"column":38}},"113":{"start":{"line":590,"column":2},"end":{"line":590,"column":null}},"114":{"start":{"line":592,"column":2},"end":{"line":592,"column":null}},"115":{"start":{"line":592,"column":32},"end":{"line":592,"column":null}},"116":{"start":{"line":593,"column":2},"end":{"line":593,"column":null}},"117":{"start":{"line":593,"column":30},"end":{"line":593,"column":null}},"118":{"start":{"line":594,"column":2},"end":{"line":594,"column":null}},"119":{"start":{"line":594,"column":39},"end":{"line":594,"column":null}},"120":{"start":{"line":595,"column":2},"end":{"line":595,"column":null}},"121":{"start":{"line":595,"column":37},"end":{"line":595,"column":null}},"122":{"start":{"line":596,"column":2},"end":{"line":596,"column":null}},"123":{"start":{"line":596,"column":28},"end":{"line":596,"column":null}},"124":{"start":{"line":597,"column":2},"end":{"line":597,"column":null}},"125":{"start":{"line":597,"column":28},"end":{"line":597,"column":null}},"126":{"start":{"line":598,"column":2},"end":{"line":598,"column":null}},"127":{"start":{"line":598,"column":30},"end":{"line":598,"column":null}},"128":{"start":{"line":599,"column":2},"end":{"line":599,"column":null}},"129":{"start":{"line":599,"column":30},"end":{"line":599,"column":null}},"130":{"start":{"line":600,"column":2},"end":{"line":600,"column":null}},"131":{"start":{"line":600,"column":21},"end":{"line":600,"column":null}},"132":{"start":{"line":601,"column":2},"end":{"line":601,"column":null}},"133":{"start":{"line":601,"column":34},"end":{"line":601,"column":null}},"134":{"start":{"line":602,"column":2},"end":{"line":602,"column":null}},"135":{"start":{"line":602,"column":35},"end":{"line":602,"column":null}},"136":{"start":{"line":603,"column":2},"end":{"line":603,"column":null}},"137":{"start":{"line":603,"column":40},"end":{"line":603,"column":null}},"138":{"start":{"line":605,"column":2},"end":{"line":605,"column":null}},"139":{"start":{"line":614,"column":2},"end":{"line":614,"column":null}},"140":{"start":{"line":621,"column":2},"end":{"line":621,"column":null}},"141":{"start":{"line":628,"column":2},"end":{"line":628,"column":null}},"142":{"start":{"line":635,"column":2},"end":{"line":635,"column":null}},"143":{"start":{"line":642,"column":17},"end":{"line":642,"column":56}},"144":{"start":{"line":643,"column":2},"end":{"line":645,"column":null}},"145":{"start":{"line":654,"column":2},"end":{"line":654,"column":null}},"146":{"start":{"line":661,"column":2},"end":{"line":664,"column":null}},"147":{"start":{"line":671,"column":2},"end":{"line":674,"column":null}},"148":{"start":{"line":681,"column":2},"end":{"line":681,"column":null}},"149":{"start":{"line":688,"column":2},"end":{"line":691,"column":null}},"150":{"start":{"line":700,"column":2},"end":{"line":700,"column":null}},"151":{"start":{"line":709,"column":2},"end":{"line":709,"column":null}},"152":{"start":{"line":716,"column":2},"end":{"line":720,"column":null}},"153":{"start":{"line":727,"column":2},"end":{"line":731,"column":null}},"154":{"start":{"line":738,"column":2},"end":{"line":741,"column":null}},"155":{"start":{"line":748,"column":2},"end":{"line":754,"column":null}},"156":{"start":{"line":761,"column":2},"end":{"line":767,"column":null}},"157":{"start":{"line":778,"column":17},"end":{"line":778,"column":78}},"158":{"start":{"line":779,"column":2},"end":{"line":780,"column":null}},"159":{"start":{"line":780,"column":4},"end":{"line":780,"column":null}},"160":{"start":{"line":782,"column":2},"end":{"line":782,"column":null}},"161":{"start":{"line":792,"column":2},"end":{"line":796,"column":null}},"162":{"start":{"line":803,"column":2},"end":{"line":806,"column":null}},"163":{"start":{"line":818,"column":2},"end":{"line":822,"column":null}},"164":{"start":{"line":831,"column":17},"end":{"line":831,"column":38}},"165":{"start":{"line":832,"column":2},"end":{"line":833,"column":null}},"166":{"start":{"line":833,"column":4},"end":{"line":833,"column":null}},"167":{"start":{"line":835,"column":16},"end":{"line":835,"column":33}},"168":{"start":{"line":836,"column":2},"end":{"line":836,"column":null}},"169":{"start":{"line":847,"column":2},"end":{"line":851,"column":null}}},"fnMap":{"0":{"name":"getAuthStore","decl":{"start":{"line":41,"column":9},"end":{"line":41,"column":81}},"loc":{"start":{"line":41,"column":81},"end":{"line":50,"column":null}},"line":41},"1":{"name":"_setAuthStoreGetter","decl":{"start":{"line":57,"column":16},"end":{"line":57,"column":36}},"loc":{"start":{"line":57,"column":113},"end":{"line":58,"column":null}},"line":57},"2":{"name":"(anonymous_2)","decl":{"start":{"line":65,"column":2},"end":{"line":65,"column":null}},"loc":{"start":{"line":69,"column":4},"end":{"line":73,"column":null}},"line":69},"3":{"name":"apiFetch","decl":{"start":{"line":84,"column":15},"end":{"line":84,"column":null}},"loc":{"start":{"line":91,"column":14},"end":{"line":155,"column":null}},"line":91},"4":{"name":"(anonymous_4)","decl":{"start":{"line":95,"column":8},"end":{"line":95,"column":53}},"loc":{"start":{"line":95,"column":53},"end":{"line":106,"column":null}},"line":95},"5":{"name":"(anonymous_5)","decl":{"start":{"line":109,"column":8},"end":{"line":109,"column":40}},"loc":{"start":{"line":109,"column":40},"end":{"line":113,"column":null}},"line":109},"6":{"name":"fetchCatalog","decl":{"start":{"line":164,"column":22},"end":{"line":164,"column":35}},"loc":{"start":{"line":164,"column":91},"end":{"line":169,"column":null}},"line":164},"7":{"name":"fetchNovelDetail","decl":{"start":{"line":175,"column":22},"end":{"line":175,"column":39}},"loc":{"start":{"line":175,"column":78},"end":{"line":176,"column":null}},"line":175},"8":{"name":"fetchChapter","decl":{"start":{"line":182,"column":22},"end":{"line":182,"column":35}},"loc":{"start":{"line":182,"column":100},"end":{"line":185,"column":null}},"line":182},"9":{"name":"filterNovels","decl":{"start":{"line":193,"column":16},"end":{"line":193,"column":29}},"loc":{"start":{"line":193,"column":84},"end":{"line":201,"column":null}},"line":193},"10":{"name":"(anonymous_10)","decl":{"start":{"line":198,"column":16},"end":{"line":198,"column":null}},"loc":{"start":{"line":200,"column":6},"end":{"line":200,"column":85}},"line":200},"11":{"name":"login","decl":{"start":{"line":206,"column":22},"end":{"line":206,"column":28}},"loc":{"start":{"line":206,"column":84},"end":{"line":210,"column":null}},"line":206},"12":{"name":"register","decl":{"start":{"line":213,"column":22},"end":{"line":213,"column":31}},"loc":{"start":{"line":213,"column":97},"end":{"line":217,"column":null}},"line":213},"13":{"name":"refreshToken","decl":{"start":{"line":220,"column":22},"end":{"line":220,"column":35}},"loc":{"start":{"line":220,"column":84},"end":{"line":224,"column":null}},"line":220},"14":{"name":"logout","decl":{"start":{"line":227,"column":22},"end":{"line":227,"column":46}},"loc":{"start":{"line":227,"column":46},"end":{"line":231,"column":null}},"line":227},"15":{"name":"fetchNovelBookmarks","decl":{"start":{"line":236,"column":22},"end":{"line":236,"column":70}},"loc":{"start":{"line":236,"column":70},"end":{"line":237,"column":null}},"line":236},"16":{"name":"addNovelBookmark","decl":{"start":{"line":240,"column":22},"end":{"line":240,"column":39}},"loc":{"start":{"line":240,"column":71},"end":{"line":244,"column":null}},"line":240},"17":{"name":"removeNovelBookmark","decl":{"start":{"line":247,"column":22},"end":{"line":247,"column":42}},"loc":{"start":{"line":247,"column":74},"end":{"line":251,"column":null}},"line":247},"18":{"name":"isNovelBookmarked","decl":{"start":{"line":254,"column":22},"end":{"line":254,"column":40}},"loc":{"start":{"line":254,"column":75},"end":{"line":255,"column":null}},"line":254},"19":{"name":"fetchNovelRating","decl":{"start":{"line":260,"column":22},"end":{"line":260,"column":39}},"loc":{"start":{"line":260,"column":77},"end":{"line":261,"column":null}},"line":260},"20":{"name":"submitRating","decl":{"start":{"line":264,"column":22},"end":{"line":264,"column":35}},"loc":{"start":{"line":264,"column":83},"end":{"line":269,"column":null}},"line":264},"21":{"name":"fetchComments","decl":{"start":{"line":274,"column":22},"end":{"line":274,"column":36}},"loc":{"start":{"line":274,"column":96},"end":{"line":277,"column":null}},"line":274},"22":{"name":"postComment","decl":{"start":{"line":280,"column":22},"end":{"line":280,"column":34}},"loc":{"start":{"line":280,"column":106},"end":{"line":288,"column":null}},"line":280},"23":{"name":"deleteComment","decl":{"start":{"line":291,"column":22},"end":{"line":291,"column":36}},"loc":{"start":{"line":291,"column":110},"end":{"line":298,"column":null}},"line":291},"24":{"name":"fetchHistory","decl":{"start":{"line":303,"column":22},"end":{"line":303,"column":64}},"loc":{"start":{"line":303,"column":64},"end":{"line":304,"column":null}},"line":303},"25":{"name":"recordHistory","decl":{"start":{"line":307,"column":22},"end":{"line":307,"column":36}},"loc":{"start":{"line":307,"column":91},"end":{"line":312,"column":null}},"line":307},"26":{"name":"deleteHistory","decl":{"start":{"line":315,"column":22},"end":{"line":315,"column":36}},"loc":{"start":{"line":315,"column":68},"end":{"line":319,"column":null}},"line":315},"27":{"name":"adminFetchNovels","decl":{"start":{"line":324,"column":22},"end":{"line":324,"column":66}},"loc":{"start":{"line":324,"column":66},"end":{"line":325,"column":null}},"line":324},"28":{"name":"adminCreateNovel","decl":{"start":{"line":328,"column":22},"end":{"line":328,"column":39}},"loc":{"start":{"line":328,"column":83},"end":{"line":333,"column":null}},"line":328},"29":{"name":"adminUpdateNovel","decl":{"start":{"line":336,"column":22},"end":{"line":336,"column":39}},"loc":{"start":{"line":336,"column":100},"end":{"line":341,"column":null}},"line":336},"30":{"name":"adminDeleteNovel","decl":{"start":{"line":344,"column":22},"end":{"line":344,"column":39}},"loc":{"start":{"line":344,"column":71},"end":{"line":348,"column":null}},"line":344},"31":{"name":"adminUploadCover","decl":{"start":{"line":355,"column":22},"end":{"line":355,"column":39}},"loc":{"start":{"line":355,"column":77},"end":{"line":384,"column":null}},"line":355},"32":{"name":"adminFetchChapters","decl":{"start":{"line":390,"column":22},"end":{"line":390,"column":41}},"loc":{"start":{"line":390,"column":90},"end":{"line":394,"column":null}},"line":390},"33":{"name":"adminCreateChapter","decl":{"start":{"line":397,"column":22},"end":{"line":397,"column":41}},"loc":{"start":{"line":397,"column":111},"end":{"line":405,"column":null}},"line":397},"34":{"name":"adminUpdateChapter","decl":{"start":{"line":408,"column":22},"end":{"line":408,"column":null}},"loc":{"start":{"line":412,"column":32},"end":{"line":420,"column":null}},"line":412},"35":{"name":"adminDeleteChapter","decl":{"start":{"line":423,"column":22},"end":{"line":423,"column":41}},"loc":{"start":{"line":423,"column":96},"end":{"line":430,"column":null}},"line":423},"36":{"name":"fetchGenres","decl":{"start":{"line":439,"column":22},"end":{"line":439,"column":54}},"loc":{"start":{"line":439,"column":54},"end":{"line":440,"column":null}},"line":439},"37":{"name":"adminFetchGenres","decl":{"start":{"line":445,"column":22},"end":{"line":445,"column":59}},"loc":{"start":{"line":445,"column":59},"end":{"line":446,"column":null}},"line":445},"38":{"name":"adminCreateGenre","decl":{"start":{"line":449,"column":22},"end":{"line":449,"column":39}},"loc":{"start":{"line":449,"column":69},"end":{"line":454,"column":null}},"line":449},"39":{"name":"adminDeleteGenre","decl":{"start":{"line":457,"column":22},"end":{"line":457,"column":39}},"loc":{"start":{"line":457,"column":71},"end":{"line":461,"column":null}},"line":457},"40":{"name":"fetchLeaderboard","decl":{"start":{"line":470,"column":22},"end":{"line":470,"column":39}},"loc":{"start":{"line":470,"column":109},"end":{"line":472,"column":null}},"line":470},"41":{"name":"fetchPopularByGenre","decl":{"start":{"line":478,"column":22},"end":{"line":478,"column":42}},"loc":{"start":{"line":478,"column":82},"end":{"line":480,"column":null}},"line":478},"42":{"name":"fetchRandomPick","decl":{"start":{"line":486,"column":22},"end":{"line":486,"column":65}},"loc":{"start":{"line":486,"column":65},"end":{"line":487,"column":null}},"line":486},"43":{"name":"fetchLatestUpdates","decl":{"start":{"line":493,"column":22},"end":{"line":493,"column":73}},"loc":{"start":{"line":493,"column":73},"end":{"line":494,"column":null}},"line":493},"44":{"name":"fetchHomeData","decl":{"start":{"line":500,"column":22},"end":{"line":500,"column":57}},"loc":{"start":{"line":500,"column":57},"end":{"line":501,"column":null}},"line":500},"45":{"name":"fetchNewAdditions","decl":{"start":{"line":508,"column":22},"end":{"line":508,"column":40}},"loc":{"start":{"line":508,"column":77},"end":{"line":510,"column":null}},"line":508},"46":{"name":"fetchTags","decl":{"start":{"line":518,"column":22},"end":{"line":518,"column":50}},"loc":{"start":{"line":518,"column":50},"end":{"line":519,"column":null}},"line":518},"47":{"name":"fetchTagCategories","decl":{"start":{"line":525,"column":22},"end":{"line":525,"column":67}},"loc":{"start":{"line":525,"column":67},"end":{"line":526,"column":null}},"line":525},"48":{"name":"adminCreateTag","decl":{"start":{"line":532,"column":22},"end":{"line":532,"column":37}},"loc":{"start":{"line":532,"column":95},"end":{"line":537,"column":null}},"line":532},"49":{"name":"adminUpdateTag","decl":{"start":{"line":543,"column":22},"end":{"line":543,"column":37}},"loc":{"start":{"line":543,"column":110},"end":{"line":548,"column":null}},"line":543},"50":{"name":"adminDeleteTag","decl":{"start":{"line":554,"column":22},"end":{"line":554,"column":37}},"loc":{"start":{"line":554,"column":67},"end":{"line":558,"column":null}},"line":554},"51":{"name":"adminFetchNovelTags","decl":{"start":{"line":564,"column":22},"end":{"line":564,"column":42}},"loc":{"start":{"line":564,"column":75},"end":{"line":565,"column":null}},"line":564},"52":{"name":"adminUpdateNovelTags","decl":{"start":{"line":572,"column":22},"end":{"line":572,"column":43}},"loc":{"start":{"line":572,"column":93},"end":{"line":577,"column":null}},"line":572},"53":{"name":"fetchFilteredCatalog","decl":{"start":{"line":587,"column":22},"end":{"line":587,"column":43}},"loc":{"start":{"line":587,"column":120},"end":{"line":605,"column":null}},"line":587},"54":{"name":"fetchNovelStats","decl":{"start":{"line":613,"column":22},"end":{"line":613,"column":38}},"loc":{"start":{"line":613,"column":76},"end":{"line":614,"column":null}},"line":613},"55":{"name":"fetchNovelRankings","decl":{"start":{"line":620,"column":22},"end":{"line":620,"column":41}},"loc":{"start":{"line":620,"column":82},"end":{"line":621,"column":null}},"line":620},"56":{"name":"fetchNovelPatrons","decl":{"start":{"line":627,"column":22},"end":{"line":627,"column":40}},"loc":{"start":{"line":627,"column":76},"end":{"line":628,"column":null}},"line":627},"57":{"name":"fetchNovelRecommendations","decl":{"start":{"line":634,"column":22},"end":{"line":634,"column":48}},"loc":{"start":{"line":634,"column":90},"end":{"line":635,"column":null}},"line":634},"58":{"name":"fetchAuthorNovels","decl":{"start":{"line":641,"column":22},"end":{"line":641,"column":40}},"loc":{"start":{"line":641,"column":109},"end":{"line":645,"column":null}},"line":641},"59":{"name":"fetchFollows","decl":{"start":{"line":653,"column":22},"end":{"line":653,"column":56}},"loc":{"start":{"line":653,"column":56},"end":{"line":654,"column":null}},"line":653},"60":{"name":"followNovel","decl":{"start":{"line":660,"column":22},"end":{"line":660,"column":34}},"loc":{"start":{"line":660,"column":66},"end":{"line":664,"column":null}},"line":660},"61":{"name":"unfollowNovel","decl":{"start":{"line":670,"column":22},"end":{"line":670,"column":36}},"loc":{"start":{"line":670,"column":68},"end":{"line":674,"column":null}},"line":670},"62":{"name":"fetchNotifications","decl":{"start":{"line":680,"column":22},"end":{"line":680,"column":68}},"loc":{"start":{"line":680,"column":68},"end":{"line":681,"column":null}},"line":680},"63":{"name":"markAllNotificationsRead","decl":{"start":{"line":687,"column":22},"end":{"line":687,"column":64}},"loc":{"start":{"line":687,"column":64},"end":{"line":691,"column":null}},"line":687},"64":{"name":"fetchUserProfile","decl":{"start":{"line":699,"column":22},"end":{"line":699,"column":39}},"loc":{"start":{"line":699,"column":79},"end":{"line":700,"column":null}},"line":699},"65":{"name":"fetchReadingLists","decl":{"start":{"line":708,"column":22},"end":{"line":708,"column":66}},"loc":{"start":{"line":708,"column":66},"end":{"line":709,"column":null}},"line":708},"66":{"name":"createReadingList","decl":{"start":{"line":715,"column":22},"end":{"line":715,"column":40}},"loc":{"start":{"line":715,"column":76},"end":{"line":720,"column":null}},"line":715},"67":{"name":"updateReadingList","decl":{"start":{"line":726,"column":22},"end":{"line":726,"column":40}},"loc":{"start":{"line":726,"column":92},"end":{"line":731,"column":null}},"line":726},"68":{"name":"deleteReadingList","decl":{"start":{"line":737,"column":22},"end":{"line":737,"column":40}},"loc":{"start":{"line":737,"column":71},"end":{"line":741,"column":null}},"line":737},"69":{"name":"addNovelToList","decl":{"start":{"line":747,"column":22},"end":{"line":747,"column":37}},"loc":{"start":{"line":747,"column":85},"end":{"line":754,"column":null}},"line":747},"70":{"name":"removeNovelFromList","decl":{"start":{"line":760,"column":22},"end":{"line":760,"column":42}},"loc":{"start":{"line":760,"column":90},"end":{"line":767,"column":null}},"line":760},"71":{"name":"fetchHighlights","decl":{"start":{"line":777,"column":22},"end":{"line":777,"column":38}},"loc":{"start":{"line":777,"column":101},"end":{"line":782,"column":null}},"line":777},"72":{"name":"createHighlight","decl":{"start":{"line":789,"column":22},"end":{"line":789,"column":null}},"loc":{"start":{"line":791,"column":22},"end":{"line":796,"column":null}},"line":791},"73":{"name":"deleteHighlight","decl":{"start":{"line":802,"column":22},"end":{"line":802,"column":38}},"loc":{"start":{"line":802,"column":74},"end":{"line":806,"column":null}},"line":802},"74":{"name":"submitReport","decl":{"start":{"line":815,"column":22},"end":{"line":815,"column":null}},"loc":{"start":{"line":817,"column":17},"end":{"line":822,"column":null}},"line":817},"75":{"name":"adminFetchReports","decl":{"start":{"line":830,"column":22},"end":{"line":830,"column":40}},"loc":{"start":{"line":830,"column":86},"end":{"line":836,"column":null}},"line":830},"76":{"name":"adminUpdateReportStatus","decl":{"start":{"line":843,"column":22},"end":{"line":843,"column":null}},"loc":{"start":{"line":846,"column":19},"end":{"line":851,"column":null}},"line":846}},"branchMap":{"0":{"loc":{"start":{"line":42,"column":2},"end":{"line":48,"column":null}},"type":"if","locations":[{"start":{"line":42,"column":2},"end":{"line":48,"column":null}},{"start":{},"end":{}}],"line":42},"1":{"loc":{"start":{"line":92,"column":17},"end":{"line":92,"column":null}},"type":"binary-expr","locations":[{"start":{"line":92,"column":17},"end":{"line":92,"column":36}},{"start":{"line":92,"column":36},"end":{"line":92,"column":null}}],"line":92},"2":{"loc":{"start":{"line":97,"column":4},"end":{"line":98,"column":null}},"type":"if","locations":[{"start":{"line":97,"column":4},"end":{"line":98,"column":null}},{"start":{},"end":{}}],"line":97},"3":{"loc":{"start":{"line":100,"column":4},"end":{"line":103,"column":null}},"type":"if","locations":[{"start":{"line":100,"column":4},"end":{"line":103,"column":null}},{"start":{},"end":{}}],"line":100},"4":{"loc":{"start":{"line":102,"column":6},"end":{"line":103,"column":null}},"type":"if","locations":[{"start":{"line":102,"column":6},"end":{"line":103,"column":null}},{"start":{},"end":{}}],"line":102},"5":{"loc":{"start":{"line":112,"column":8},"end":{"line":112,"column":null}},"type":"cond-expr","locations":[{"start":{"line":112,"column":18},"end":{"line":112,"column":57}},{"start":{"line":112,"column":60},"end":{"line":112,"column":null}}],"line":112},"6":{"loc":{"start":{"line":120,"column":52},"end":{"line":120,"column":100}},"type":"cond-expr","locations":[{"start":{"line":120,"column":75},"end":{"line":120,"column":89}},{"start":{"line":120,"column":89},"end":{"line":120,"column":100}}],"line":120},"7":{"loc":{"start":{"line":124,"column":2},"end":{"line":139,"column":null}},"type":"if","locations":[{"start":{"line":124,"column":2},"end":{"line":139,"column":null}},{"start":{},"end":{}}],"line":124},"8":{"loc":{"start":{"line":124,"column":6},"end":{"line":124,"column":48}},"type":"binary-expr","locations":[{"start":{"line":124,"column":6},"end":{"line":124,"column":33}},{"start":{"line":124,"column":33},"end":{"line":124,"column":48}}],"line":124},"9":{"loc":{"start":{"line":128,"column":4},"end":{"line":139,"column":null}},"type":"if","locations":[{"start":{"line":128,"column":4},"end":{"line":139,"column":null}},{"start":{"line":135,"column":11},"end":{"line":139,"column":null}}],"line":128},"10":{"loc":{"start":{"line":133,"column":65},"end":{"line":133,"column":113}},"type":"cond-expr","locations":[{"start":{"line":133,"column":88},"end":{"line":133,"column":102}},{"start":{"line":133,"column":102},"end":{"line":133,"column":113}}],"line":133},"11":{"loc":{"start":{"line":143,"column":2},"end":{"line":144,"column":null}},"type":"if","locations":[{"start":{"line":143,"column":2},"end":{"line":144,"column":null}},{"start":{},"end":{}}],"line":143},"12":{"loc":{"start":{"line":148,"column":2},"end":{"line":149,"column":null}},"type":"if","locations":[{"start":{"line":148,"column":2},"end":{"line":149,"column":null}},{"start":{},"end":{}}],"line":148},"13":{"loc":{"start":{"line":148,"column":6},"end":{"line":148,"column":81}},"type":"binary-expr","locations":[{"start":{"line":148,"column":6},"end":{"line":148,"column":33}},{"start":{"line":148,"column":33},"end":{"line":148,"column":81}}],"line":148},"14":{"loc":{"start":{"line":155,"column":61},"end":{"line":155,"column":109}},"type":"cond-expr","locations":[{"start":{"line":155,"column":84},"end":{"line":155,"column":98}},{"start":{"line":155,"column":98},"end":{"line":155,"column":109}}],"line":155},"15":{"loc":{"start":{"line":166,"column":2},"end":{"line":167,"column":null}},"type":"if","locations":[{"start":{"line":166,"column":2},"end":{"line":167,"column":null}},{"start":{},"end":{}}],"line":166},"16":{"loc":{"start":{"line":166,"column":6},"end":{"line":166,"column":40}},"type":"binary-expr","locations":[{"start":{"line":166,"column":6},"end":{"line":166,"column":15}},{"start":{"line":166,"column":15},"end":{"line":166,"column":40}}],"line":166},"17":{"loc":{"start":{"line":194,"column":2},"end":{"line":195,"column":null}},"type":"if","locations":[{"start":{"line":194,"column":2},"end":{"line":195,"column":null}},{"start":{},"end":{}}],"line":194},"18":{"loc":{"start":{"line":200,"column":6},"end":{"line":200,"column":85}},"type":"binary-expr","locations":[{"start":{"line":200,"column":6},"end":{"line":200,"column":43}},{"start":{"line":200,"column":47},"end":{"line":200,"column":85}}],"line":200},"19":{"loc":{"start":{"line":362,"column":2},"end":{"line":363,"column":null}},"type":"if","locations":[{"start":{"line":362,"column":2},"end":{"line":363,"column":null}},{"start":{},"end":{}}],"line":362},"20":{"loc":{"start":{"line":374,"column":52},"end":{"line":374,"column":100}},"type":"cond-expr","locations":[{"start":{"line":374,"column":75},"end":{"line":374,"column":89}},{"start":{"line":374,"column":89},"end":{"line":374,"column":100}}],"line":374},"21":{"loc":{"start":{"line":377,"column":2},"end":{"line":378,"column":null}},"type":"if","locations":[{"start":{"line":377,"column":2},"end":{"line":378,"column":null}},{"start":{},"end":{}}],"line":377},"22":{"loc":{"start":{"line":384,"column":61},"end":{"line":384,"column":109}},"type":"cond-expr","locations":[{"start":{"line":384,"column":84},"end":{"line":384,"column":98}},{"start":{"line":384,"column":98},"end":{"line":384,"column":109}}],"line":384},"23":{"loc":{"start":{"line":508,"column":40},"end":{"line":508,"column":77}},"type":"default-arg","locations":[{"start":{"line":508,"column":48},"end":{"line":508,"column":77}}],"line":508},"24":{"loc":{"start":{"line":592,"column":2},"end":{"line":592,"column":null}},"type":"if","locations":[{"start":{"line":592,"column":2},"end":{"line":592,"column":null}},{"start":{},"end":{}}],"line":592},"25":{"loc":{"start":{"line":593,"column":2},"end":{"line":593,"column":null}},"type":"if","locations":[{"start":{"line":593,"column":2},"end":{"line":593,"column":null}},{"start":{},"end":{}}],"line":593},"26":{"loc":{"start":{"line":594,"column":2},"end":{"line":594,"column":null}},"type":"if","locations":[{"start":{"line":594,"column":2},"end":{"line":594,"column":null}},{"start":{},"end":{}}],"line":594},"27":{"loc":{"start":{"line":595,"column":2},"end":{"line":595,"column":null}},"type":"if","locations":[{"start":{"line":595,"column":2},"end":{"line":595,"column":null}},{"start":{},"end":{}}],"line":595},"28":{"loc":{"start":{"line":596,"column":2},"end":{"line":596,"column":null}},"type":"if","locations":[{"start":{"line":596,"column":2},"end":{"line":596,"column":null}},{"start":{},"end":{}}],"line":596},"29":{"loc":{"start":{"line":597,"column":2},"end":{"line":597,"column":null}},"type":"if","locations":[{"start":{"line":597,"column":2},"end":{"line":597,"column":null}},{"start":{},"end":{}}],"line":597},"30":{"loc":{"start":{"line":598,"column":2},"end":{"line":598,"column":null}},"type":"if","locations":[{"start":{"line":598,"column":2},"end":{"line":598,"column":null}},{"start":{},"end":{}}],"line":598},"31":{"loc":{"start":{"line":599,"column":2},"end":{"line":599,"column":null}},"type":"if","locations":[{"start":{"line":599,"column":2},"end":{"line":599,"column":null}},{"start":{},"end":{}}],"line":599},"32":{"loc":{"start":{"line":600,"column":2},"end":{"line":600,"column":null}},"type":"if","locations":[{"start":{"line":600,"column":2},"end":{"line":600,"column":null}},{"start":{},"end":{}}],"line":600},"33":{"loc":{"start":{"line":601,"column":2},"end":{"line":601,"column":null}},"type":"if","locations":[{"start":{"line":601,"column":2},"end":{"line":601,"column":null}},{"start":{},"end":{}}],"line":601},"34":{"loc":{"start":{"line":602,"column":2},"end":{"line":602,"column":null}},"type":"if","locations":[{"start":{"line":602,"column":2},"end":{"line":602,"column":null}},{"start":{},"end":{}}],"line":602},"35":{"loc":{"start":{"line":603,"column":2},"end":{"line":603,"column":null}},"type":"if","locations":[{"start":{"line":603,"column":2},"end":{"line":603,"column":null}},{"start":{},"end":{}}],"line":603},"36":{"loc":{"start":{"line":603,"column":6},"end":{"line":603,"column":40}},"type":"binary-expr","locations":[{"start":{"line":603,"column":6},"end":{"line":603,"column":15}},{"start":{"line":603,"column":15},"end":{"line":603,"column":40}}],"line":603},"37":{"loc":{"start":{"line":779,"column":2},"end":{"line":780,"column":null}},"type":"if","locations":[{"start":{"line":779,"column":2},"end":{"line":780,"column":null}},{"start":{},"end":{}}],"line":779},"38":{"loc":{"start":{"line":832,"column":2},"end":{"line":833,"column":null}},"type":"if","locations":[{"start":{"line":832,"column":2},"end":{"line":833,"column":null}},{"start":{},"end":{}}],"line":832},"39":{"loc":{"start":{"line":836,"column":56},"end":{"line":836,"column":84}},"type":"cond-expr","locations":[{"start":{"line":836,"column":64},"end":{"line":836,"column":78}},{"start":{"line":836,"column":78},"end":{"line":836,"column":84}}],"line":836}},"s":{"0":2,"1":2,"2":6,"3":0,"4":6,"5":3,"6":25,"7":25,"8":25,"9":25,"10":28,"11":28,"12":28,"13":29,"14":29,"15":0,"16":29,"17":4,"18":4,"19":4,"20":29,"21":28,"22":29,"23":28,"24":28,"25":6,"26":22,"27":2,"28":2,"29":2,"30":1,"31":1,"32":0,"33":1,"34":1,"35":1,"36":21,"37":9,"38":12,"39":0,"40":12,"41":12,"42":9,"43":7,"44":7,"45":0,"46":7,"47":7,"48":7,"49":108,"50":2,"51":106,"52":106,"53":492,"54":0,"55":0,"56":0,"57":0,"58":3,"59":0,"60":0,"61":0,"62":0,"63":0,"64":0,"65":0,"66":0,"67":0,"68":0,"69":0,"70":0,"71":0,"72":0,"73":0,"74":0,"75":0,"76":0,"77":0,"78":0,"79":0,"80":0,"81":0,"82":0,"83":0,"84":0,"85":0,"86":0,"87":0,"88":0,"89":0,"90":0,"91":0,"92":1,"93":0,"94":0,"95":0,"96":0,"97":0,"98":0,"99":0,"100":0,"101":0,"102":0,"103":0,"104":0,"105":1,"106":1,"107":0,"108":0,"109":0,"110":0,"111":0,"112":1,"113":1,"114":1,"115":0,"116":1,"117":0,"118":1,"119":0,"120":1,"121":0,"122":1,"123":0,"124":1,"125":0,"126":1,"127":0,"128":1,"129":0,"130":1,"131":1,"132":1,"133":0,"134":1,"135":0,"136":1,"137":0,"138":1,"139":0,"140":0,"141":0,"142":0,"143":0,"144":0,"145":0,"146":0,"147":0,"148":0,"149":0,"150":0,"151":0,"152":0,"153":0,"154":0,"155":0,"156":0,"157":0,"158":0,"159":0,"160":0,"161":0,"162":0,"163":0,"164":0,"165":0,"166":0,"167":0,"168":0,"169":0},"f":{"0":6,"1":3,"2":25,"3":28,"4":29,"5":29,"6":7,"7":7,"8":7,"9":108,"10":492,"11":0,"12":0,"13":0,"14":0,"15":3,"16":0,"17":0,"18":0,"19":0,"20":0,"21":0,"22":0,"23":0,"24":0,"25":0,"26":0,"27":0,"28":0,"29":0,"30":0,"31":0,"32":0,"33":0,"34":0,"35":0,"36":1,"37":0,"38":0,"39":0,"40":0,"41":0,"42":0,"43":0,"44":0,"45":0,"46":1,"47":1,"48":0,"49":0,"50":0,"51":0,"52":0,"53":1,"54":0,"55":0,"56":0,"57":0,"58":0,"59":0,"60":0,"61":0,"62":0,"63":0,"64":0,"65":0,"66":0,"67":0,"68":0,"69":0,"70":0,"71":0,"72":0,"73":0,"74":0,"75":0,"76":0},"b":{"0":[0,6],"1":[28,28],"2":[0,29],"3":[4,25],"4":[4,0],"5":[0,29],"6":[6,0],"7":[2,20],"8":[22,2],"9":[1,1],"10":[0,0],"11":[9,12],"12":[0,12],"13":[12,12],"14":[9,0],"15":[0,7],"16":[7,0],"17":[2,106],"18":[492,489],"19":[0,0],"20":[0,0],"21":[0,0],"22":[0,0],"23":[0],"24":[0,1],"25":[0,1],"26":[0,1],"27":[0,1],"28":[0,1],"29":[0,1],"30":[0,1],"31":[0,1],"32":[1,0],"33":[0,1],"34":[0,1],"35":[0,1],"36":[1,0],"37":[0,0],"38":[0,0],"39":[0,0]},"meta":{"lastBranch":40,"lastFunction":77,"lastStatement":170,"seen":{"s:32:17:32:Infinity":0,"s:39:92:39:Infinity":1,"f:41:9:41:81":0,"b:42:2:48:Infinity:undefined:undefined:undefined:undefined":0,"s:42:2:48:Infinity":2,"s:46:4:48:Infinity":3,"s:50:2:50:Infinity":4,"f:57:16:57:36":1,"s:58:2:58:Infinity":5,"f:65:2:65:Infinity":2,"s:70:4:70:Infinity":6,"s:71:4:71:Infinity":7,"s:72:4:72:Infinity":8,"s:73:4:73:Infinity":9,"f:84:15:84:Infinity":3,"s:92:17:92:Infinity":10,"b:92:17:92:36:92:36:92:Infinity":1,"s:93:18:93:Infinity":11,"s:95:8:106:Infinity":12,"f:95:8:95:53":4,"s:96:44:96:46":13,"b:97:4:98:Infinity:undefined:undefined:undefined:undefined":2,"s:97:4:98:Infinity":14,"s:98:6:98:Infinity":15,"b:100:4:103:Infinity:undefined:undefined:undefined:undefined":3,"s:100:4:103:Infinity":16,"s:101:19:101:33":17,"b:102:6:103:Infinity:undefined:undefined:undefined:undefined":4,"s:102:6:103:Infinity":18,"s:103:8:103:Infinity":19,"s:106:4:106:Infinity":20,"s:109:8:113:Infinity":21,"f:109:8:109:40":5,"s:109:40:113:Infinity":22,"b:112:18:112:57:112:60:112:Infinity":5,"s:117:2:120:Infinity":23,"s:118:4:118:Infinity":24,"s:120:4:120:Infinity":25,"b:120:75:120:89:120:89:120:100":6,"b:124:2:139:Infinity:undefined:undefined:undefined:undefined":7,"s:124:2:139:Infinity":26,"b:124:6:124:33:124:33:124:48":8,"s:125:17:125:31":27,"s:127:22:127:50":28,"b:128:4:139:Infinity:135:11:139:Infinity":9,"s:128:4:139:Infinity":29,"s:130:6:133:Infinity":30,"s:131:8:131:Infinity":31,"s:133:8:133:Infinity":32,"b:133:88:133:102:133:102:133:113":10,"s:137:6:137:Infinity":33,"s:138:6:138:Infinity":34,"s:139:6:139:Infinity":35,"b:143:2:144:Infinity:undefined:undefined:undefined:undefined":11,"s:143:2:144:Infinity":36,"s:144:4:144:Infinity":37,"b:148:2:149:Infinity:undefined:undefined:undefined:undefined":12,"s:148:2:149:Infinity":38,"b:148:6:148:33:148:33:148:81":13,"s:149:4:149:Infinity":39,"s:152:2:155:Infinity":40,"s:153:4:153:Infinity":41,"s:155:4:155:Infinity":42,"b:155:84:155:98:155:98:155:109":14,"f:164:22:164:35":6,"s:165:17:165:60":43,"b:166:2:167:Infinity:undefined:undefined:undefined:undefined":15,"s:166:2:167:Infinity":44,"b:166:6:166:15:166:15:166:40":16,"s:167:4:167:Infinity":45,"s:169:2:169:Infinity":46,"f:175:22:175:39":7,"s:176:2:176:Infinity":47,"f:182:22:182:35":8,"s:183:2:185:Infinity":48,"f:193:16:193:29":9,"b:194:2:195:Infinity:undefined:undefined:undefined:undefined":17,"s:194:2:195:Infinity":49,"s:195:4:195:Infinity":50,"s:197:12:197:31":51,"s:198:2:201:Infinity":52,"f:198:16:198:Infinity":10,"s:200:6:200:85":53,"b:200:6:200:43:200:47:200:85":18,"f:206:22:206:28":11,"s:207:2:210:Infinity":54,"f:213:22:213:31":12,"s:214:2:217:Infinity":55,"f:220:22:220:35":13,"s:221:2:224:Infinity":56,"f:227:22:227:46":14,"s:228:2:231:Infinity":57,"f:236:22:236:70":15,"s:237:2:237:Infinity":58,"f:240:22:240:39":16,"s:241:2:244:Infinity":59,"f:247:22:247:42":17,"s:248:2:251:Infinity":60,"f:254:22:254:40":18,"s:255:2:255:Infinity":61,"f:260:22:260:39":19,"s:261:2:261:Infinity":62,"f:264:22:264:35":20,"s:265:2:269:Infinity":63,"f:274:22:274:36":21,"s:275:2:277:Infinity":64,"f:280:22:280:34":22,"s:281:2:288:Infinity":65,"f:291:22:291:36":23,"s:292:2:298:Infinity":66,"f:303:22:303:64":24,"s:304:2:304:Infinity":67,"f:307:22:307:36":25,"s:308:2:312:Infinity":68,"f:315:22:315:36":26,"s:316:2:319:Infinity":69,"f:324:22:324:66":27,"s:325:2:325:Infinity":70,"f:328:22:328:39":28,"s:329:2:333:Infinity":71,"f:336:22:336:39":29,"s:337:2:341:Infinity":72,"f:344:22:344:39":30,"s:345:2:348:Infinity":73,"f:355:22:355:39":31,"s:356:15:356:29":74,"s:358:19:358:33":75,"s:359:2:359:Infinity":76,"s:361:42:361:44":77,"b:362:2:363:Infinity:undefined:undefined:undefined:undefined":19,"s:362:2:363:Infinity":78,"s:363:4:363:Infinity":79,"s:367:2:374:Infinity":80,"s:368:4:372:Infinity":81,"s:374:4:374:Infinity":82,"b:374:75:374:89:374:89:374:100":20,"b:377:2:378:Infinity:undefined:undefined:undefined:undefined":21,"s:377:2:378:Infinity":83,"s:378:4:378:Infinity":84,"s:381:2:384:Infinity":85,"s:382:4:382:Infinity":86,"s:384:4:384:Infinity":87,"b:384:84:384:98:384:98:384:109":22,"f:390:22:390:41":32,"s:391:2:394:Infinity":88,"f:397:22:397:41":33,"s:398:2:405:Infinity":89,"f:408:22:408:Infinity":34,"s:413:2:420:Infinity":90,"f:423:22:423:41":35,"s:424:2:430:Infinity":91,"f:439:22:439:54":36,"s:440:2:440:Infinity":92,"f:445:22:445:59":37,"s:446:2:446:Infinity":93,"f:449:22:449:39":38,"s:450:2:454:Infinity":94,"f:457:22:457:39":39,"s:458:2:461:Infinity":95,"f:470:22:470:39":40,"s:471:17:471:48":96,"s:472:2:472:Infinity":97,"f:478:22:478:42":41,"s:479:17:479:47":98,"s:480:2:480:Infinity":99,"f:486:22:486:65":42,"s:487:2:487:Infinity":100,"f:493:22:493:73":43,"s:494:2:494:Infinity":101,"f:500:22:500:57":44,"s:501:2:501:Infinity":102,"f:508:22:508:40":45,"b:508:48:508:77":23,"s:509:17:509:62":103,"s:510:2:510:Infinity":104,"f:518:22:518:50":46,"s:519:2:519:Infinity":105,"f:525:22:525:67":47,"s:526:2:526:Infinity":106,"f:532:22:532:37":48,"s:533:2:537:Infinity":107,"f:543:22:543:37":49,"s:544:2:548:Infinity":108,"f:554:22:554:37":50,"s:555:2:558:Infinity":109,"f:564:22:564:42":51,"s:565:2:565:Infinity":110,"f:572:22:572:43":52,"s:573:2:577:Infinity":111,"f:587:22:587:43":53,"s:588:17:588:38":112,"s:590:2:590:Infinity":113,"b:592:2:592:Infinity:undefined:undefined:undefined:undefined":24,"s:592:2:592:Infinity":114,"s:592:32:592:Infinity":115,"b:593:2:593:Infinity:undefined:undefined:undefined:undefined":25,"s:593:2:593:Infinity":116,"s:593:30:593:Infinity":117,"b:594:2:594:Infinity:undefined:undefined:undefined:undefined":26,"s:594:2:594:Infinity":118,"s:594:39:594:Infinity":119,"b:595:2:595:Infinity:undefined:undefined:undefined:undefined":27,"s:595:2:595:Infinity":120,"s:595:37:595:Infinity":121,"b:596:2:596:Infinity:undefined:undefined:undefined:undefined":28,"s:596:2:596:Infinity":122,"s:596:28:596:Infinity":123,"b:597:2:597:Infinity:undefined:undefined:undefined:undefined":29,"s:597:2:597:Infinity":124,"s:597:28:597:Infinity":125,"b:598:2:598:Infinity:undefined:undefined:undefined:undefined":30,"s:598:2:598:Infinity":126,"s:598:30:598:Infinity":127,"b:599:2:599:Infinity:undefined:undefined:undefined:undefined":31,"s:599:2:599:Infinity":128,"s:599:30:599:Infinity":129,"b:600:2:600:Infinity:undefined:undefined:undefined:undefined":32,"s:600:2:600:Infinity":130,"s:600:21:600:Infinity":131,"b:601:2:601:Infinity:undefined:undefined:undefined:undefined":33,"s:601:2:601:Infinity":132,"s:601:34:601:Infinity":133,"b:602:2:602:Infinity:undefined:undefined:undefined:undefined":34,"s:602:2:602:Infinity":134,"s:602:35:602:Infinity":135,"b:603:2:603:Infinity:undefined:undefined:undefined:undefined":35,"s:603:2:603:Infinity":136,"b:603:6:603:15:603:15:603:40":36,"s:603:40:603:Infinity":137,"s:605:2:605:Infinity":138,"f:613:22:613:38":54,"s:614:2:614:Infinity":139,"f:620:22:620:41":55,"s:621:2:621:Infinity":140,"f:627:22:627:40":56,"s:628:2:628:Infinity":141,"f:634:22:634:48":57,"s:635:2:635:Infinity":142,"f:641:22:641:40":58,"s:642:17:642:56":143,"s:643:2:645:Infinity":144,"f:653:22:653:56":59,"s:654:2:654:Infinity":145,"f:660:22:660:34":60,"s:661:2:664:Infinity":146,"f:670:22:670:36":61,"s:671:2:674:Infinity":147,"f:680:22:680:68":62,"s:681:2:681:Infinity":148,"f:687:22:687:64":63,"s:688:2:691:Infinity":149,"f:699:22:699:39":64,"s:700:2:700:Infinity":150,"f:708:22:708:66":65,"s:709:2:709:Infinity":151,"f:715:22:715:40":66,"s:716:2:720:Infinity":152,"f:726:22:726:40":67,"s:727:2:731:Infinity":153,"f:737:22:737:40":68,"s:738:2:741:Infinity":154,"f:747:22:747:37":69,"s:748:2:754:Infinity":155,"f:760:22:760:42":70,"s:761:2:767:Infinity":156,"f:777:22:777:38":71,"s:778:17:778:78":157,"b:779:2:780:Infinity:undefined:undefined:undefined:undefined":37,"s:779:2:780:Infinity":158,"s:780:4:780:Infinity":159,"s:782:2:782:Infinity":160,"f:789:22:789:Infinity":72,"s:792:2:796:Infinity":161,"f:802:22:802:38":73,"s:803:2:806:Infinity":162,"f:815:22:815:Infinity":74,"s:818:2:822:Infinity":163,"f:830:22:830:40":75,"s:831:17:831:38":164,"b:832:2:833:Infinity:undefined:undefined:undefined:undefined":38,"s:832:2:833:Infinity":165,"s:833:4:833:Infinity":166,"s:835:16:835:33":167,"s:836:2:836:Infinity":168,"b:836:64:836:78:836:78:836:84":39,"f:843:22:843:Infinity":76,"s:847:2:851:Infinity":169}}}
,"C:\\Users\\justt\\OneDrive\\Documents\\Belajar\\novel-reader\\src\\components\\AppNavbar.vue": {"path":"C:\\Users\\justt\\OneDrive\\Documents\\Belajar\\novel-reader\\src\\components\\AppNavbar.vue","statementMap":{"0":{"start":{"line":10,"column":6},"end":{"line":10,"column":32}},"1":{"start":{"line":11,"column":6},"end":{"line":11,"column":34}},"2":{"start":{"line":12,"column":6},"end":{"line":12,"column":50}},"3":{"start":{"line":13,"column":6},"end":{"line":13,"column":26}},"4":{"start":{"line":15,"column":6},"end":{"line":15,"column":35}},"5":{"start":{"line":16,"column":6},"end":{"line":16,"column":35}},"6":{"start":{"line":19,"column":2},"end":{"line":19,"column":null}},"7":{"start":{"line":20,"column":2},"end":{"line":20,"column":null}},"8":{"start":{"line":21,"column":2},"end":{"line":21,"column":null}},"9":{"start":{"line":38,"column":9},"end":{"line":38,"column":55}},"10":{"start":{"line":39,"column":11},"end":{"line":39,"column":57}},"11":{"start":{"line":71,"column":13},"end":{"line":71,"column":54}},"12":{"start":{"line":96,"column":13},"end":{"line":96,"column":54}},"13":{"start":{"line":144,"column":22},"end":{"line":144,"column":38}},"14":{"start":{"line":212,"column":24},"end":{"line":212,"column":54}},"15":{"start":{"line":66,"column":16},"end":{"line":68,"column":21}},"16":{"start":{"line":72,"column":10},"end":{"line":91,"column":28}},"17":{"start":{"line":91,"column":28},"end":{"line":91,"column":28}},"18":{"start":{"line":109,"column":20},"end":{"line":109,"column":42}},"19":{"start":{"line":131,"column":12},"end":{"line":131,"column":25}},"20":{"start":{"line":140,"column":12},"end":{"line":140,"column":25}},"21":{"start":{"line":153,"column":22},"end":{"line":153,"column":null}},"22":{"start":{"line":294,"column":20},"end":{"line":195,"column":null}},"23":{"start":{"line":210,"column":26},"end":{"line":210,"column":null}},"24":{"start":{"line":222,"column":25},"end":{"line":224,"column":29}},"25":{"start":{"line":234,"column":26},"end":{"line":234,"column":null}},"26":{"start":{"line":238,"column":24},"end":{"line":240,"column":29}},"27":{"start":{"line":250,"column":26},"end":{"line":250,"column":null}},"28":{"start":{"line":254,"column":24},"end":{"line":256,"column":29}},"29":{"start":{"line":266,"column":26},"end":{"line":266,"column":null}},"30":{"start":{"line":270,"column":24},"end":{"line":272,"column":29}},"31":{"start":{"line":308,"column":18},"end":{"line":308,"column":null}},"32":{"start":{"line":320,"column":56},"end":{"line":320,"column":84}},"33":{"start":{"line":327,"column":12},"end":{"line":327,"column":null}}},"fnMap":{"0":{"name":"handleLogout","decl":{"start":{"line":18,"column":15},"end":{"line":18,"column":30}},"loc":{"start":{"line":18,"column":30},"end":{"line":21,"column":null}},"line":18},"1":{"name":"(anonymous_1)","decl":{"start":{"line":66,"column":16},"end":{"line":66,"column":null}},"loc":{"start":{"line":66,"column":16},"end":{"line":68,"column":21}},"line":66},"2":{"name":"(anonymous_2)","decl":{"start":{"line":77,"column":13},"end":{"line":77,"column":null}},"loc":{"start":{"line":73,"column":23},"end":{"line":91,"column":28}},"line":73},"3":{"name":"(anonymous_3)","decl":{"start":{"line":91,"column":28},"end":{"line":91,"column":null}},"loc":{"start":{"line":91,"column":28},"end":{"line":91,"column":28}},"line":91},"4":{"name":"(anonymous_4)","decl":{"start":{"line":109,"column":18},"end":{"line":109,"column":20}},"loc":{"start":{"line":109,"column":20},"end":{"line":109,"column":42}},"line":109},"5":{"name":"(anonymous_5)","decl":{"start":{"line":131,"column":12},"end":{"line":131,"column":25}},"loc":{"start":{"line":131,"column":12},"end":{"line":131,"column":25}},"line":131},"6":{"name":"(anonymous_6)","decl":{"start":{"line":140,"column":12},"end":{"line":140,"column":25}},"loc":{"start":{"line":140,"column":12},"end":{"line":140,"column":25}},"line":140},"7":{"name":"(anonymous_7)","decl":{"start":{"line":153,"column":20},"end":{"line":153,"column":22}},"loc":{"start":{"line":153,"column":22},"end":{"line":153,"column":null}},"line":153},"8":{"name":"(anonymous_8)","decl":{"start":{"line":294,"column":20},"end":{"line":294,"column":null}},"loc":{"start":{"line":294,"column":20},"end":{"line":195,"column":null}},"line":294},"9":{"name":"(anonymous_9)","decl":{"start":{"line":210,"column":24},"end":{"line":210,"column":26}},"loc":{"start":{"line":210,"column":26},"end":{"line":210,"column":null}},"line":210},"10":{"name":"(anonymous_10)","decl":{"start":{"line":222,"column":25},"end":{"line":222,"column":null}},"loc":{"start":{"line":222,"column":25},"end":{"line":224,"column":29}},"line":222},"11":{"name":"(anonymous_11)","decl":{"start":{"line":234,"column":24},"end":{"line":234,"column":26}},"loc":{"start":{"line":234,"column":26},"end":{"line":234,"column":null}},"line":234},"12":{"name":"(anonymous_12)","decl":{"start":{"line":238,"column":24},"end":{"line":238,"column":null}},"loc":{"start":{"line":238,"column":24},"end":{"line":240,"column":29}},"line":238},"13":{"name":"(anonymous_13)","decl":{"start":{"line":250,"column":24},"end":{"line":250,"column":26}},"loc":{"start":{"line":250,"column":26},"end":{"line":250,"column":null}},"line":250},"14":{"name":"(anonymous_14)","decl":{"start":{"line":254,"column":24},"end":{"line":254,"column":null}},"loc":{"start":{"line":254,"column":24},"end":{"line":256,"column":29}},"line":254},"15":{"name":"(anonymous_15)","decl":{"start":{"line":266,"column":24},"end":{"line":266,"column":26}},"loc":{"start":{"line":266,"column":26},"end":{"line":266,"column":null}},"line":266},"16":{"name":"(anonymous_16)","decl":{"start":{"line":270,"column":24},"end":{"line":270,"column":null}},"loc":{"start":{"line":270,"column":24},"end":{"line":272,"column":29}},"line":270},"17":{"name":"(anonymous_17)","decl":{"start":{"line":308,"column":16},"end":{"line":308,"column":18}},"loc":{"start":{"line":308,"column":18},"end":{"line":308,"column":null}},"line":308},"18":{"name":"(anonymous_18)","decl":{"start":{"line":320,"column":54},"end":{"line":320,"column":56}},"loc":{"start":{"line":320,"column":56},"end":{"line":320,"column":84}},"line":320},"19":{"name":"(anonymous_19)","decl":{"start":{"line":327,"column":10},"end":{"line":327,"column":12}},"loc":{"start":{"line":327,"column":12},"end":{"line":327,"column":null}},"line":327}},"branchMap":{"0":{"loc":{"start":{"line":33,"column":12},"end":{"line":33,"column":null}},"type":"cond-expr","locations":[{"start":{"line":33,"column":23},"end":{"line":33,"column":null}},{"start":{"line":33,"column":23},"end":{"line":33,"column":null}}],"line":33},"1":{"loc":{"start":{"line":45,"column":18},"end":{"line":45,"column":null}},"type":"cond-expr","locations":[{"start":{"line":45,"column":29},"end":{"line":45,"column":null}},{"start":{"line":45,"column":29},"end":{"line":45,"column":null}}],"line":45},"2":{"loc":{"start":{"line":51,"column":20},"end":{"line":51,"column":null}},"type":"cond-expr","locations":[{"start":{"line":51,"column":31},"end":{"line":51,"column":null}},{"start":{"line":51,"column":31},"end":{"line":51,"column":null}}],"line":51},"3":{"loc":{"start":{"line":55,"column":12},"end":{"line":64,"column":316}},"type":"binary-expr","locations":[{"start":{"line":55,"column":12},"end":{"line":55,"column":null}},{"start":{"line":55,"column":12},"end":{"line":64,"column":316}}],"line":55},"4":{"loc":{"start":{"line":81,"column":20},"end":{"line":81,"column":null}},"type":"cond-expr","locations":[{"start":{"line":81,"column":31},"end":{"line":81,"column":null}},{"start":{"line":81,"column":31},"end":{"line":81,"column":null}}],"line":81},"5":{"loc":{"start":{"line":84,"column":27},"end":{"line":84,"column":null}},"type":"cond-expr","locations":[{"start":{"line":84,"column":38},"end":{"line":84,"column":null}},{"start":{"line":84,"column":38},"end":{"line":84,"column":null}}],"line":84},"6":{"loc":{"start":{"line":87,"column":33},"end":{"line":87,"column":null}},"type":"cond-expr","locations":[{"start":{"line":87,"column":62},"end":{"line":87,"column":null}},{"start":{"line":87,"column":79},"end":{"line":87,"column":null}}],"line":87},"7":{"loc":{"start":{"line":87,"column":62},"end":{"line":87,"column":null}},"type":"cond-expr","locations":[{"start":{"line":87,"column":79},"end":{"line":87,"column":null}},{"start":{"line":87,"column":79},"end":{"line":87,"column":null}}],"line":87},"8":{"loc":{"start":{"line":105,"column":20},"end":{"line":105,"column":null}},"type":"cond-expr","locations":[{"start":{"line":105,"column":31},"end":{"line":105,"column":null}},{"start":{"line":105,"column":31},"end":{"line":105,"column":null}}],"line":105},"9":{"loc":{"start":{"line":108,"column":25},"end":{"line":108,"column":null}},"type":"cond-expr","locations":[{"start":{"line":108,"column":42},"end":{"line":108,"column":null}},{"start":{"line":108,"column":42},"end":{"line":108,"column":null}}],"line":108},"10":{"loc":{"start":{"line":109,"column":18},"end":{"line":109,"column":null}},"type":"binary-expr","locations":[{"start":{"line":109,"column":18},"end":{"line":109,"column":20}},{"start":{"line":109,"column":18},"end":{"line":109,"column":42}}],"line":109},"11":{"loc":{"start":{"line":112,"column":23},"end":{"line":117,"column":159}},"type":"cond-expr","locations":[{"start":{"line":112,"column":34},"end":{"line":116,"column":24}},{"start":{"line":116,"column":12},"end":{"line":117,"column":159}}],"line":112},"12":{"loc":{"start":{"line":114,"column":18},"end":{"line":116,"column":24}},"type":"binary-expr","locations":[{"start":{"line":114,"column":18},"end":{"line":114,"column":null}},{"start":{"line":114,"column":18},"end":{"line":116,"column":24}}],"line":114},"13":{"loc":{"start":{"line":115,"column":60},"end":{"line":117,"column":159}},"type":"binary-expr","locations":[{"start":{"line":115,"column":60},"end":{"line":115,"column":null}},{"start":{"line":115,"column":60},"end":{"line":117,"column":159}}],"line":115},"14":{"loc":{"start":{"line":122,"column":27},"end":{"line":195,"column":null}},"type":"cond-expr","locations":[{"start":{"line":122,"column":37},"end":{"line":144,"column":22}},{"start":{"line":144,"column":10},"end":{"line":195,"column":null}}],"line":122},"15":{"loc":{"start":{"line":126,"column":22},"end":{"line":126,"column":null}},"type":"cond-expr","locations":[{"start":{"line":126,"column":33},"end":{"line":126,"column":null}},{"start":{"line":126,"column":33},"end":{"line":126,"column":null}}],"line":126},"16":{"loc":{"start":{"line":131,"column":12},"end":{"line":131,"column":25}},"type":"binary-expr","locations":[{"start":{"line":131,"column":12},"end":{"line":131,"column":25}},{"start":{"line":131,"column":12},"end":{"line":131,"column":25}}],"line":131},"17":{"loc":{"start":{"line":135,"column":22},"end":{"line":135,"column":null}},"type":"cond-expr","locations":[{"start":{"line":135,"column":33},"end":{"line":135,"column":null}},{"start":{"line":135,"column":33},"end":{"line":135,"column":null}}],"line":135},"18":{"loc":{"start":{"line":140,"column":12},"end":{"line":140,"column":25}},"type":"binary-expr","locations":[{"start":{"line":140,"column":12},"end":{"line":140,"column":25}},{"start":{"line":140,"column":12},"end":{"line":140,"column":25}}],"line":140},"19":{"loc":{"start":{"line":148,"column":22},"end":{"line":148,"column":null}},"type":"cond-expr","locations":[{"start":{"line":148,"column":33},"end":{"line":148,"column":null}},{"start":{"line":148,"column":33},"end":{"line":148,"column":null}}],"line":148},"20":{"loc":{"start":{"line":153,"column":20},"end":{"line":153,"column":null}},"type":"binary-expr","locations":[{"start":{"line":153,"column":20},"end":{"line":153,"column":22}},{"start":{"line":153,"column":20},"end":{"line":153,"column":null}}],"line":153},"21":{"loc":{"start":{"line":158,"column":24},"end":{"line":158,"column":null}},"type":"cond-expr","locations":[{"start":{"line":158,"column":41},"end":{"line":158,"column":null}},{"start":{"line":158,"column":41},"end":{"line":158,"column":null}}],"line":158},"22":{"loc":{"start":{"line":166,"column":22},"end":{"line":169,"column":null}},"type":"cond-expr","locations":[{"start":{"line":166,"column":52},"end":{"line":169,"column":null}},{"start":{"line":169,"column":93},"end":{"line":169,"column":null}}],"line":166},"23":{"loc":{"start":{"line":169,"column":19},"end":{"line":169,"column":93}},"type":"cond-expr","locations":[{"start":{"line":169,"column":49},"end":{"line":169,"column":63}},{"start":{"line":169,"column":63},"end":{"line":169,"column":93}}],"line":169},"24":{"loc":{"start":{"line":174,"column":25},"end":{"line":174,"column":63}},"type":"cond-expr","locations":[{"start":{"line":174,"column":41},"end":{"line":174,"column":63}},{"start":{"line":174,"column":41},"end":{"line":174,"column":63}}],"line":174},"25":{"loc":{"start":{"line":174,"column":63},"end":{"line":174,"column":null}},"type":"cond-expr","locations":[{"start":{"line":174,"column":80},"end":{"line":174,"column":null}},{"start":{"line":174,"column":80},"end":{"line":174,"column":null}}],"line":174},"26":{"loc":{"start":{"line":181,"column":16},"end":{"line":181,"column":90}},"type":"binary-expr","locations":[{"start":{"line":181,"column":16},"end":{"line":181,"column":22}},{"start":{"line":181,"column":16},"end":{"line":181,"column":90}}],"line":181},"27":{"loc":{"start":{"line":197,"column":24},"end":{"line":197,"column":null}},"type":"cond-expr","locations":[{"start":{"line":197,"column":35},"end":{"line":197,"column":null}},{"start":{"line":197,"column":35},"end":{"line":197,"column":null}}],"line":197},"28":{"loc":{"start":{"line":206,"column":26},"end":{"line":206,"column":null}},"type":"cond-expr","locations":[{"start":{"line":206,"column":37},"end":{"line":206,"column":null}},{"start":{"line":206,"column":37},"end":{"line":206,"column":null}}],"line":206},"29":{"loc":{"start":{"line":210,"column":24},"end":{"line":210,"column":null}},"type":"binary-expr","locations":[{"start":{"line":210,"column":24},"end":{"line":210,"column":26}},{"start":{"line":210,"column":24},"end":{"line":210,"column":null}}],"line":210},"30":{"loc":{"start":{"line":222,"column":25},"end":{"line":217,"column":47}},"type":"binary-expr","locations":[{"start":{"line":222,"column":25},"end":{"line":222,"column":null}},{"start":{"line":222,"column":25},"end":{"line":217,"column":47}}],"line":222},"31":{"loc":{"start":{"line":217,"column":28},"end":{"line":220,"column":null}},"type":"cond-expr","locations":[{"start":{"line":217,"column":58},"end":{"line":220,"column":null}},{"start":{"line":220,"column":99},"end":{"line":220,"column":null}}],"line":217},"32":{"loc":{"start":{"line":220,"column":25},"end":{"line":220,"column":99}},"type":"cond-expr","locations":[{"start":{"line":220,"column":55},"end":{"line":220,"column":69}},{"start":{"line":220,"column":69},"end":{"line":220,"column":99}}],"line":220},"33":{"loc":{"start":{"line":220,"column":99},"end":{"line":224,"column":29}},"type":"binary-expr","locations":[{"start":{"line":220,"column":99},"end":{"line":220,"column":null}},{"start":{"line":220,"column":99},"end":{"line":224,"column":29}}],"line":220},"34":{"loc":{"start":{"line":230,"column":26},"end":{"line":230,"column":null}},"type":"cond-expr","locations":[{"start":{"line":230,"column":37},"end":{"line":230,"column":null}},{"start":{"line":230,"column":37},"end":{"line":230,"column":null}}],"line":230},"35":{"loc":{"start":{"line":234,"column":24},"end":{"line":234,"column":null}},"type":"binary-expr","locations":[{"start":{"line":234,"column":24},"end":{"line":234,"column":26}},{"start":{"line":234,"column":24},"end":{"line":234,"column":null}}],"line":234},"36":{"loc":{"start":{"line":238,"column":24},"end":{"line":240,"column":29}},"type":"binary-expr","locations":[{"start":{"line":238,"column":24},"end":{"line":238,"column":null}},{"start":{"line":238,"column":24},"end":{"line":240,"column":29}}],"line":238},"37":{"loc":{"start":{"line":246,"column":26},"end":{"line":246,"column":null}},"type":"cond-expr","locations":[{"start":{"line":246,"column":37},"end":{"line":246,"column":null}},{"start":{"line":246,"column":37},"end":{"line":246,"column":null}}],"line":246},"38":{"loc":{"start":{"line":250,"column":24},"end":{"line":250,"column":null}},"type":"binary-expr","locations":[{"start":{"line":250,"column":24},"end":{"line":250,"column":26}},{"start":{"line":250,"column":24},"end":{"line":250,"column":null}}],"line":250},"39":{"loc":{"start":{"line":254,"column":24},"end":{"line":256,"column":29}},"type":"binary-expr","locations":[{"start":{"line":254,"column":24},"end":{"line":254,"column":null}},{"start":{"line":254,"column":24},"end":{"line":256,"column":29}}],"line":254},"40":{"loc":{"start":{"line":262,"column":26},"end":{"line":262,"column":null}},"type":"cond-expr","locations":[{"start":{"line":262,"column":37},"end":{"line":262,"column":null}},{"start":{"line":262,"column":37},"end":{"line":262,"column":null}}],"line":262},"41":{"loc":{"start":{"line":266,"column":24},"end":{"line":266,"column":null}},"type":"binary-expr","locations":[{"start":{"line":266,"column":24},"end":{"line":266,"column":26}},{"start":{"line":266,"column":24},"end":{"line":266,"column":null}}],"line":266},"42":{"loc":{"start":{"line":270,"column":24},"end":{"line":272,"column":29}},"type":"binary-expr","locations":[{"start":{"line":270,"column":24},"end":{"line":270,"column":null}},{"start":{"line":270,"column":24},"end":{"line":272,"column":29}}],"line":270},"43":{"loc":{"start":{"line":276,"column":26},"end":{"line":276,"column":null}},"type":"cond-expr","locations":[{"start":{"line":276,"column":43},"end":{"line":276,"column":null}},{"start":{"line":276,"column":43},"end":{"line":276,"column":null}}],"line":276},"44":{"loc":{"start":{"line":283,"column":26},"end":{"line":283,"column":null}},"type":"cond-expr","locations":[{"start":{"line":283,"column":37},"end":{"line":283,"column":null}},{"start":{"line":283,"column":37},"end":{"line":283,"column":null}}],"line":283},"45":{"loc":{"start":{"line":289,"column":18},"end":{"line":293,"column":25}},"type":"binary-expr","locations":[{"start":{"line":289,"column":18},"end":{"line":289,"column":23}},{"start":{"line":289,"column":18},"end":{"line":293,"column":25}}],"line":289},"46":{"loc":{"start":{"line":303,"column":18},"end":{"line":303,"column":null}},"type":"cond-expr","locations":[{"start":{"line":303,"column":29},"end":{"line":303,"column":null}},{"start":{"line":303,"column":29},"end":{"line":303,"column":null}}],"line":303},"47":{"loc":{"start":{"line":308,"column":16},"end":{"line":308,"column":null}},"type":"binary-expr","locations":[{"start":{"line":308,"column":16},"end":{"line":308,"column":18}},{"start":{"line":308,"column":16},"end":{"line":308,"column":null}}],"line":308},"48":{"loc":{"start":{"line":310,"column":10},"end":{"line":311,"column":95}},"type":"binary-expr","locations":[{"start":{"line":310,"column":10},"end":{"line":310,"column":15}},{"start":{"line":310,"column":10},"end":{"line":311,"column":95}}],"line":310},"49":{"loc":{"start":{"line":320,"column":54},"end":{"line":320,"column":84}},"type":"binary-expr","locations":[{"start":{"line":320,"column":54},"end":{"line":320,"column":56}},{"start":{"line":320,"column":54},"end":{"line":320,"column":84}}],"line":320},"50":{"loc":{"start":{"line":324,"column":10},"end":{"line":327,"column":null}},"type":"cond-expr","locations":[{"start":{"line":324,"column":10},"end":{"line":327,"column":null}}],"line":324},"51":{"loc":{"start":{"line":327,"column":10},"end":{"line":327,"column":null}},"type":"binary-expr","locations":[{"start":{"line":327,"column":10},"end":{"line":327,"column":12}},{"start":{"line":327,"column":10},"end":{"line":327,"column":null}}],"line":327}},"s":{"0":2,"1":2,"2":2,"3":2,"4":2,"5":2,"6":0,"7":0,"8":0,"9":1,"10":1,"11":1,"12":1,"13":1,"14":1,"15":4,"16":6,"17":8,"18":0,"19":2,"20":2,"21":0,"22":0,"23":0,"24":0,"25":0,"26":0,"27":0,"28":0,"29":0,"30":0,"31":0,"32":0,"33":0},"f":{"0":0,"1":4,"2":6,"3":8,"4":0,"5":2,"6":2,"7":0,"8":0,"9":0,"10":0,"11":0,"12":0,"13":0,"14":0,"15":0,"16":0,"17":0,"18":0,"19":0},"b":{"0":[0,2],"1":[0,2],"2":[0,4],"3":[4,2],"4":[0,6],"5":[0,6],"6":[2,4],"7":[0,2],"8":[0,2],"9":[0,2],"10":[2,2],"11":[0,2],"12":[0,0],"13":[2,2],"14":[2,0],"15":[0,2],"16":[2,2],"17":[0,2],"18":[2,2],"19":[0,0],"20":[0,0],"21":[0,0],"22":[0,0],"23":[0,0],"24":[0,0],"25":[0,0],"26":[0,0],"27":[0,0],"28":[0,0],"29":[0,0],"30":[0,0],"31":[0,0],"32":[0,0],"33":[0,0],"34":[0,0],"35":[0,0],"36":[0,0],"37":[0,0],"38":[0,0],"39":[0,0],"40":[0,0],"41":[0,0],"42":[0,0],"43":[0,0],"44":[0,0],"45":[0,0],"46":[0,2],"47":[2,2],"48":[2,2],"49":[2,2],"50":[0],"51":[0,0]},"meta":{"lastBranch":52,"lastFunction":20,"lastStatement":34,"seen":{"s:10:6:10:32":0,"s:11:6:11:34":1,"s:12:6:12:50":2,"s:13:6:13:26":3,"s:15:6:15:35":4,"s:16:6:16:35":5,"f:18:15:18:30":0,"s:19:2:19:Infinity":6,"s:20:2:20:Infinity":7,"s:21:2:21:Infinity":8,"s:38:9:38:55":9,"s:39:11:39:57":10,"s:71:13:71:54":11,"s:96:13:96:54":12,"s:144:22:144:38":13,"s:212:24:212:54":14,"b:33:23:33:Infinity:33:23:33:Infinity":0,"b:45:29:45:Infinity:45:29:45:Infinity":1,"f:66:16:66:Infinity":1,"s:66:16:68:21":15,"b:51:31:51:Infinity:51:31:51:Infinity":2,"b:55:12:55:Infinity:55:12:64:316":3,"f:77:13:77:Infinity":2,"s:72:10:91:28":16,"b:81:31:81:Infinity:81:31:81:Infinity":4,"b:84:38:84:Infinity:84:38:84:Infinity":5,"b:87:62:87:Infinity:87:79:87:Infinity":6,"b:87:79:87:Infinity:87:79:87:Infinity":7,"f:91:28:91:Infinity":3,"s:91:28:91:28":17,"b:105:31:105:Infinity:105:31:105:Infinity":8,"b:108:42:108:Infinity:108:42:108:Infinity":9,"b:109:18:109:20:109:18:109:42":10,"f:109:18:109:20":4,"s:109:20:109:42":18,"b:112:34:116:24:116:12:117:159":11,"b:114:18:114:Infinity:114:18:116:24":12,"b:115:60:115:Infinity:115:60:117:159":13,"b:122:37:144:22:144:10:195:Infinity":14,"b:126:33:126:Infinity:126:33:126:Infinity":15,"f:131:12:131:25":5,"s:131:12:131:25":19,"b:131:12:131:25:131:12:131:25":16,"b:135:33:135:Infinity:135:33:135:Infinity":17,"f:140:12:140:25":6,"s:140:12:140:25":20,"b:140:12:140:25:140:12:140:25":18,"b:148:33:148:Infinity:148:33:148:Infinity":19,"b:153:20:153:22:153:20:153:Infinity":20,"f:153:20:153:22":7,"s:153:22:153:Infinity":21,"b:158:41:158:Infinity:158:41:158:Infinity":21,"b:166:52:169:Infinity:169:93:169:Infinity":22,"b:169:49:169:63:169:63:169:93":23,"b:174:41:174:63:174:41:174:63":24,"b:174:80:174:Infinity:174:80:174:Infinity":25,"b:181:16:181:22:181:16:181:90":26,"f:294:20:294:Infinity":8,"s:294:20:195:Infinity":22,"b:197:35:197:Infinity:197:35:197:Infinity":27,"b:206:37:206:Infinity:206:37:206:Infinity":28,"b:210:24:210:26:210:24:210:Infinity":29,"f:210:24:210:26":9,"s:210:26:210:Infinity":23,"f:222:25:222:Infinity":10,"s:222:25:224:29":24,"b:222:25:222:Infinity:222:25:217:47":30,"b:217:58:220:Infinity:220:99:220:Infinity":31,"b:220:55:220:69:220:69:220:99":32,"b:220:99:220:Infinity:220:99:224:29":33,"b:230:37:230:Infinity:230:37:230:Infinity":34,"b:234:24:234:26:234:24:234:Infinity":35,"f:234:24:234:26":11,"s:234:26:234:Infinity":25,"f:238:24:238:Infinity":12,"s:238:24:240:29":26,"b:238:24:238:Infinity:238:24:240:29":36,"b:246:37:246:Infinity:246:37:246:Infinity":37,"b:250:24:250:26:250:24:250:Infinity":38,"f:250:24:250:26":13,"s:250:26:250:Infinity":27,"f:254:24:254:Infinity":14,"s:254:24:256:29":28,"b:254:24:254:Infinity:254:24:256:29":39,"b:262:37:262:Infinity:262:37:262:Infinity":40,"b:266:24:266:26:266:24:266:Infinity":41,"f:266:24:266:26":15,"s:266:26:266:Infinity":29,"f:270:24:270:Infinity":16,"s:270:24:272:29":30,"b:270:24:270:Infinity:270:24:272:29":42,"b:276:43:276:Infinity:276:43:276:Infinity":43,"b:283:37:283:Infinity:283:37:283:Infinity":44,"b:289:18:289:23:289:18:293:25":45,"b:303:29:303:Infinity:303:29:303:Infinity":46,"b:308:16:308:18:308:16:308:Infinity":47,"f:308:16:308:18":17,"s:308:18:308:Infinity":31,"b:310:10:310:15:310:10:311:95":48,"b:320:54:320:56:320:54:320:84":49,"f:320:54:320:56":18,"s:320:56:320:84":32,"b:324:10:327:Infinity":50,"b:327:10:327:12:327:10:327:Infinity":51,"f:327:10:327:12":19,"s:327:12:327:Infinity":33}}}
,"C:\\Users\\justt\\OneDrive\\Documents\\Belajar\\novel-reader\\src\\components\\ChapterNavigation.vue": {"path":"C:\\Users\\justt\\OneDrive\\Documents\\Belajar\\novel-reader\\src\\components\\ChapterNavigation.vue","statementMap":{"0":{"start":{"line":9,"column":14},"end":{"line":9,"column":null}},"1":{"start":{"line":15,"column":6},"end":{"line":15,"column":26}},"2":{"start":{"line":16,"column":6},"end":{"line":16,"column":34}},"3":{"start":{"line":18,"column":6},"end":{"line":18,"column":57}},"4":{"start":{"line":18,"column":31},"end":{"line":18,"column":57}},"5":{"start":{"line":19,"column":6},"end":{"line":19,"column":74}},"6":{"start":{"line":19,"column":30},"end":{"line":19,"column":74}},"7":{"start":{"line":22,"column":2},"end":{"line":22,"column":null}},"8":{"start":{"line":22,"column":22},"end":{"line":22,"column":null}},"9":{"start":{"line":26,"column":2},"end":{"line":26,"column":null}},"10":{"start":{"line":26,"column":21},"end":{"line":26,"column":null}},"11":{"start":{"line":31,"column":2},"end":{"line":64,"column":80}}},"fnMap":{"0":{"name":"(anonymous_0)","decl":{"start":{"line":18,"column":16},"end":{"line":18,"column":31}},"loc":{"start":{"line":18,"column":31},"end":{"line":18,"column":57}},"line":18},"1":{"name":"(anonymous_1)","decl":{"start":{"line":19,"column":15},"end":{"line":19,"column":30}},"loc":{"start":{"line":19,"column":30},"end":{"line":19,"column":74}},"line":19},"2":{"name":"goToPrev","decl":{"start":{"line":21,"column":9},"end":{"line":21,"column":26}},"loc":{"start":{"line":21,"column":26},"end":{"line":22,"column":null}},"line":21},"3":{"name":"goToNext","decl":{"start":{"line":25,"column":9},"end":{"line":25,"column":26}},"loc":{"start":{"line":25,"column":26},"end":{"line":26,"column":null}},"line":25}},"branchMap":{"0":{"loc":{"start":{"line":22,"column":2},"end":{"line":22,"column":null}},"type":"if","locations":[{"start":{"line":22,"column":2},"end":{"line":22,"column":null}},{"start":{},"end":{}}],"line":22},"1":{"loc":{"start":{"line":26,"column":2},"end":{"line":26,"column":null}},"type":"if","locations":[{"start":{"line":26,"column":2},"end":{"line":26,"column":null}},{"start":{},"end":{}}],"line":26},"2":{"loc":{"start":{"line":36,"column":14},"end":{"line":36,"column":null}},"type":"cond-expr","locations":[{"start":{"line":36,"column":25},"end":{"line":36,"column":null}},{"start":{"line":36,"column":25},"end":{"line":36,"column":null}}],"line":36},"3":{"loc":{"start":{"line":42,"column":6},"end":{"line":45,"column":62}},"type":"binary-expr","locations":[{"start":{"line":42,"column":6},"end":{"line":42,"column":11}},{"start":{"line":42,"column":6},"end":{"line":45,"column":62}}],"line":42},"4":{"loc":{"start":{"line":48,"column":58},"end":{"line":48,"column":null}},"type":"cond-expr","locations":[{"start":{"line":48,"column":75},"end":{"line":48,"column":null}},{"start":{"line":48,"column":75},"end":{"line":48,"column":null}}],"line":48},"5":{"loc":{"start":{"line":56,"column":14},"end":{"line":56,"column":null}},"type":"cond-expr","locations":[{"start":{"line":56,"column":25},"end":{"line":56,"column":null}},{"start":{"line":56,"column":25},"end":{"line":56,"column":null}}],"line":56},"6":{"loc":{"start":{"line":62,"column":6},"end":{"line":64,"column":80}},"type":"binary-expr","locations":[{"start":{"line":62,"column":6},"end":{"line":62,"column":12}},{"start":{"line":62,"column":6},"end":{"line":64,"column":80}}],"line":62}},"s":{"0":24,"1":24,"2":24,"3":24,"4":24,"5":24,"6":24,"7":0,"8":0,"9":0,"10":0,"11":24},"f":{"0":24,"1":24,"2":0,"3":0},"b":{"0":[0,0],"1":[0,0],"2":[0,24],"3":[24,24],"4":[0,24],"5":[0,24],"6":[24,24]},"meta":{"lastBranch":7,"lastFunction":4,"lastStatement":12,"seen":{"s:9:14:9:Infinity":0,"s:15:6:15:26":1,"s:16:6:16:34":2,"s:18:6:18:57":3,"f:18:16:18:31":0,"s:18:31:18:57":4,"s:19:6:19:74":5,"f:19:15:19:30":1,"s:19:30:19:74":6,"f:21:9:21:26":2,"b:22:2:22:Infinity:undefined:undefined:undefined:undefined":0,"s:22:2:22:Infinity":7,"s:22:22:22:Infinity":8,"f:25:9:25:26":3,"b:26:2:26:Infinity:undefined:undefined:undefined:undefined":1,"s:26:2:26:Infinity":9,"s:26:21:26:Infinity":10,"s:31:2:64:80":11,"b:36:25:36:Infinity:36:25:36:Infinity":2,"b:42:6:42:11:42:6:45:62":3,"b:48:75:48:Infinity:48:75:48:Infinity":4,"b:56:25:56:Infinity:56:25:56:Infinity":5,"b:62:6:62:12:62:6:64:80":6}}}
,"C:\\Users\\justt\\OneDrive\\Documents\\Belajar\\novel-reader\\src\\components\\CommentSection.vue": {"path":"C:\\Users\\justt\\OneDrive\\Documents\\Belajar\\novel-reader\\src\\components\\CommentSection.vue","statementMap":{"0":{"start":{"line":19,"column":14},"end":{"line":19,"column":null}},"1":{"start":{"line":21,"column":6},"end":{"line":21,"column":26}},"2":{"start":{"line":22,"column":6},"end":{"line":22,"column":33}},"3":{"start":{"line":24,"column":6},"end":{"line":24,"column":null}},"4":{"start":{"line":25,"column":6},"end":{"line":25,"column":27}},"5":{"start":{"line":26,"column":6},"end":{"line":26,"column":44}},"6":{"start":{"line":27,"column":6},"end":{"line":27,"column":29}},"7":{"start":{"line":28,"column":6},"end":{"line":28,"column":30}},"8":{"start":{"line":29,"column":6},"end":{"line":29,"column":43}},"9":{"start":{"line":30,"column":6},"end":{"line":30,"column":47}},"10":{"start":{"line":33,"column":2},"end":{"line":33,"column":null}},"11":{"start":{"line":34,"column":2},"end":{"line":34,"column":null}},"12":{"start":{"line":35,"column":2},"end":{"line":44,"column":null}},"13":{"start":{"line":36,"column":4},"end":{"line":36,"column":null}},"14":{"start":{"line":38,"column":4},"end":{"line":41,"column":null}},"15":{"start":{"line":39,"column":6},"end":{"line":39,"column":null}},"16":{"start":{"line":41,"column":6},"end":{"line":41,"column":null}},"17":{"start":{"line":44,"column":4},"end":{"line":44,"column":null}},"18":{"start":{"line":49,"column":2},"end":{"line":49,"column":null}},"19":{"start":{"line":50,"column":2},"end":{"line":50,"column":null}},"20":{"start":{"line":51,"column":15},"end":{"line":51,"column":41}},"21":{"start":{"line":52,"column":2},"end":{"line":54,"column":null}},"22":{"start":{"line":53,"column":4},"end":{"line":53,"column":null}},"23":{"start":{"line":54,"column":4},"end":{"line":54,"column":null}},"24":{"start":{"line":56,"column":2},"end":{"line":56,"column":null}},"25":{"start":{"line":57,"column":2},"end":{"line":68,"column":null}},"26":{"start":{"line":58,"column":20},"end":{"line":58,"column":78}},"27":{"start":{"line":59,"column":4},"end":{"line":59,"column":null}},"28":{"start":{"line":60,"column":4},"end":{"line":60,"column":null}},"29":{"start":{"line":62,"column":4},"end":{"line":65,"column":null}},"30":{"start":{"line":63,"column":6},"end":{"line":63,"column":null}},"31":{"start":{"line":65,"column":6},"end":{"line":65,"column":null}},"32":{"start":{"line":68,"column":4},"end":{"line":68,"column":null}},"33":{"start":{"line":73,"column":2},"end":{"line":76,"column":null}},"34":{"start":{"line":74,"column":4},"end":{"line":74,"column":null}},"35":{"start":{"line":75,"column":4},"end":{"line":75,"column":null}},"36":{"start":{"line":75,"column":50},"end":{"line":75,"column":68}},"37":{"start":{"line":81,"column":0},"end":{"line":81,"column":null}},"38":{"start":{"line":81,"column":18},"end":{"line":81,"column":34}},"39":{"start":{"line":99,"column":13},"end":{"line":99,"column":44}},"40":{"start":{"line":101,"column":15},"end":{"line":101,"column":39}},"41":{"start":{"line":145,"column":13},"end":{"line":145,"column":44}},"42":{"start":{"line":182,"column":17},"end":{"line":182,"column":34}},"43":{"start":{"line":191,"column":15},"end":{"line":191,"column":61}},"44":{"start":{"line":192,"column":17},"end":{"line":192,"column":39}},"45":{"start":{"line":193,"column":19},"end":{"line":193,"column":50}},"46":{"start":{"line":85,"column":2},"end":{"line":224,"column":200}},"47":{"start":{"line":93,"column":6},"end":{"line":103,"column":126}},"48":{"start":{"line":134,"column":19},"end":{"line":134,"column":null}},"49":{"start":{"line":168,"column":128},"end":{"line":168,"column":141}},"50":{"start":{"line":183,"column":8},"end":{"line":224,"column":200}},"51":{"start":{"line":200,"column":39},"end":{"line":200,"column":39}},"52":{"start":{"line":221,"column":22},"end":{"line":221,"column":null}}},"fnMap":{"0":{"name":"loadComments","decl":{"start":{"line":32,"column":15},"end":{"line":32,"column":45}},"loc":{"start":{"line":32,"column":45},"end":{"line":44,"column":null}},"line":32},"1":{"name":"handleSubmit","decl":{"start":{"line":48,"column":15},"end":{"line":48,"column":45}},"loc":{"start":{"line":48,"column":45},"end":{"line":68,"column":null}},"line":48},"2":{"name":"handleDelete","decl":{"start":{"line":72,"column":15},"end":{"line":72,"column":28}},"loc":{"start":{"line":72,"column":62},"end":{"line":76,"column":null}},"line":72},"3":{"name":"(anonymous_3)","decl":{"start":{"line":75,"column":36},"end":{"line":75,"column":44}},"loc":{"start":{"line":75,"column":50},"end":{"line":75,"column":68}},"line":75},"4":{"name":"(anonymous_4)","decl":{"start":{"line":81,"column":0},"end":{"line":81,"column":16}},"loc":{"start":{"line":81,"column":16},"end":{"line":81,"column":null}},"line":81},"5":{"name":"(anonymous_5)","decl":{"start":{"line":94,"column":20},"end":{"line":94,"column":null}},"loc":{"start":{"line":94,"column":16},"end":{"line":103,"column":126}},"line":94},"6":{"name":"(anonymous_6)","
[...]
lytics","decl":{"start":{"line":113,"column":16},"end":{"line":113,"column":52}},"loc":{"start":{"line":113,"column":52},"end":{"line":114,"column":null}},"line":113},"5":{"name":"resetOfflineAnalytics","decl":{"start":{"line":126,"column":16},"end":{"line":126,"column":46}},"loc":{"start":{"line":126,"column":46},"end":{"line":136,"column":null}},"line":126}},"branchMap":{"0":{"loc":{"start":{"line":21,"column":2},"end":{"line":27,"column":null}},"type":"if","locations":[{"start":{"line":21,"column":2},"end":{"line":27,"column":null}},{"start":{},"end":{}}],"line":21},"1":{"loc":{"start":{"line":31,"column":2},"end":{"line":37,"column":null}},"type":"if","locations":[{"start":{"line":31,"column":2},"end":{"line":37,"column":null}},{"start":{},"end":{}}],"line":31},"2":{"loc":{"start":{"line":56,"column":2},"end":{"line":56,"column":null}},"type":"if","locations":[{"start":{"line":56,"column":2},"end":{"line":56,"column":null}},{"start":{},"end":{}}],"line":56},"3":{"loc":{"start":{"line":79,"column":2},"end":{"line":80,"column":null}},"type":"if","locations":[{"start":{"line":79,"column":2},"end":{"line":80,"column":null}},{"start":{},"end":{}}],"line":79},"4":{"loc":{"start":{"line":127,"column":2},"end":{"line":127,"column":null}},"type":"if","locations":[{"start":{"line":127,"column":2},"end":{"line":127,"column":null}},{"start":{},"end":{}}],"line":127}},"s":{"0":3,"1":106350,"2":1,"3":106349,"4":106349,"5":3676,"6":102673,"7":102673,"8":0,"9":103129,"10":0,"11":103129,"12":54900,"13":54900,"14":54900,"15":54900,"16":18775,"17":54900,"18":47428,"19":47428,"20":47428,"21":4022,"22":802,"23":1,"24":801,"25":801},"f":{"0":106350,"1":103129,"2":54900,"3":47428,"4":4022,"5":802},"b":{"0":[1,106349],"1":[3676,102673],"2":[0,103129],"3":[18775,36125],"4":[1,801]},"meta":{"lastBranch":5,"lastFunction":6,"lastStatement":26,"seen":{"s:14:20:14:Infinity":0,"f:20:9:20:41":0,"b:21:2:27:Infinity:undefined:undefined:undefined:undefined":0,"s:21:2:27:Infinity":1,"s:22:4:27:Infinity":2,"s:30:8:30:37":3,"b:31:2:37:Infinity:undefined:undefined:undefined:undefined":1,"s:31:2:37:Infinity":4,"s:32:4:37:Infinity":5,"s:40:2:48:Infinity":6,"s:41:4:41:Infinity":7,"s:43:4:48:Infinity":8,"f:55:9:55:26":1,"b:56:2:56:Infinity:undefined:undefined:undefined:undefined":2,"s:56:2:56:Infinity":9,"s:56:29:56:Infinity":10,"s:57:2:57:Infinity":11,"f:72:16:72:33":2,"s:73:16:73:33":12,"s:75:2:75:Infinity":13,"s:76:2:76:Infinity":14,"b:79:2:80:Infinity:undefined:undefined:undefined:undefined":3,"s:79:2:80:Infinity":15,"s:80:4:80:Infinity":16,"s:83:2:83:Infinity":17,"f:95:16:95:40":3,"s:96:16:96:33":18,"s:97:2:97:Infinity":19,"s:98:2:98:Infinity":20,"f:113:16:113:52":4,"s:114:2:114:Infinity":21,"f:126:16:126:46":5,"b:127:2:127:Infinity:undefined:undefined:undefined:undefined":4,"s:127:2:127:Infinity":22,"s:127:29:127:Infinity":23,"s:129:35:134:Infinity":24,"s:136:2:136:Infinity":25}}}
,"C:\\Users\\justt\\OneDrive\\Documents\\Belajar\\novel-reader\\src\\utils\\readingTime.ts": {"path":"C:\\Users\\justt\\OneDrive\\Documents\\Belajar\\novel-reader\\src\\utils\\readingTime.ts","statementMap":{"0":{"start":{"line":28,"column":2},"end":{"line":33,"column":null}},"1":{"start":{"line":29,"column":4},"end":{"line":33,"column":null}},"2":{"start":{"line":37,"column":16},"end":{"line":37,"column":52}},"3":{"start":{"line":38,"column":20},"end":{"line":38,"column":null}},"4":{"start":{"line":41,"column":21},"end":{"line":41,"column":null}},"5":{"start":{"line":41,"column":51},"end":{"line":41,"column":73}},"6":{"start":{"line":42,"column":21},"end":{"line":42,"column":null}},"7":{"start":{"line":43,"column":32},"end":{"line":43,"column":null}},"8":{"start":{"line":46,"column":14},"end":{"line":46,"column":null}},"9":{"start":{"line":49,"column":18},"end":{"line":49,"column":44}},"10":{"start":{"line":51,"column":2},"end":{"line":51,"column":null}}},"fnMap":{"0":{"name":"calculateReadingTime","decl":{"start":{"line":26,"column":16},"end":{"line":26,"column":37}},"loc":{"start":{"line":26,"column":73},"end":{"line":51,"column":null}},"line":26},"1":{"name":"(anonymous_1)","decl":{"start":{"line":41,"column":39},"end":{"line":41,"column":46}},"loc":{"start":{"line":41,"column":51},"end":{"line":41,"column":73}},"line":41}},"branchMap":{"0":{"loc":{"start":{"line":28,"column":2},"end":{"line":33,"column":null}},"type":"if","locations":[{"start":{"line":28,"column":2},"end":{"line":33,"column":null}},{"start":{},"end":{}}],"line":28},"1":{"loc":{"start":{"line":43,"column":32},"end":{"line":43,"column":null}},"type":"cond-expr","locations":[{"start":{"line":43,"column":51},"end":{"line":43,"column":58}},{"start":{"line":43,"column":58},"end":{"line":43,"column":null}}],"line":43},"2":{"loc":{"start":{"line":46,"column":14},"end":{"line":46,"column":null}},"type":"cond-expr","locations":[{"start":{"line":46,"column":34},"end":{"line":46,"column":40}},{"start":{"line":46,"column":40},"end":{"line":46,"column":null}}],"line":46}},"s":{"0":2333,"1":24,"2":2309,"3":2309,"4":2309,"5":22106323,"6":2309,"7":2309,"8":2333,"9":2333,"10":2333},"f":{"0":2333,"1":22106323},"b":{"0":[24,2309],"1":[1579,730],"2":[1579,730]},"meta":{"lastBranch":3,"lastFunction":2,"lastStatement":11,"seen":{"f:26:16:26:37":0,"b:28:2:33:Infinity:undefined:undefined:undefined:undefined":0,"s:28:2:33:Infinity":0,"s:29:4:33:Infinity":1,"s:37:16:37:52":2,"s:38:20:38:Infinity":3,"s:41:21:41:Infinity":4,"f:41:39:41:46":1,"s:41:51:41:73":5,"s:42:21:42:Infinity":6,"s:43:32:43:Infinity":7,"b:43:51:43:58:43:58:43:Infinity":1,"s:46:14:46:Infinity":8,"b:46:34:46:40:46:40:46:Infinity":2,"s:49:18:49:44":9,"s:51:2:51:Infinity":10}}}
,"C:\\Users\\justt\\OneDrive\\Documents\\Belajar\\novel-reader\\src\\utils\\storage.ts": {"path":"C:\\Users\\justt\\OneDrive\\Documents\\Belajar\\novel-reader\\src\\utils\\storage.ts","statementMap":{"0":{"start":{"line":10,"column":28},"end":{"line":10,"column":null}},"1":{"start":{"line":11,"column":22},"end":{"line":11,"column":null}},"2":{"start":{"line":12,"column":24},"end":{"line":12,"column":null}},"3":{"start":{"line":23,"column":2},"end":{"line":29,"column":null}},"4":{"start":{"line":24,"column":20},"end":{"line":24,"column":null}},"5":{"start":{"line":25,"column":4},"end":{"line":25,"column":null}},"6":{"start":{"line":26,"column":4},"end":{"line":26,"column":null}},"7":{"start":{"line":27,"column":4},"end":{"line":27,"column":null}},"8":{"start":{"line":29,"column":4},"end":{"line":29,"column":null}},"9":{"start":{"line":42,"column":2},"end":{"line":42,"column":null}},"10":{"start":{"line":42,"column":29},"end":{"line":42,"column":null}},"11":{"start":{"line":44,"column":2},"end":{"line":47,"column":null}},"12":{"start":{"line":45,"column":4},"end":{"line":45,"column":null}},"13":{"start":{"line":47,"column":4},"end":{"line":47,"column":null}},"14":{"start":{"line":56,"column":2},"end":{"line":56,"column":null}},"15":{"start":{"line":56,"column":29},"end":{"line":56,"column":null}},"16":{"start":{"line":58,"column":2},"end":{"line":60,"column":null}},"17":{"start":{"line":59,"column":4},"end":{"line":59,"column":null}},"18":{"start":{"line":74,"column":2},"end":{"line":74,"column":null}},"19":{"start":{"line":74,"column":29},"end":{"line":74,"column":null}},"20":{"start":{"line":76,"column":2},"end":{"line":81,"column":null}},"21":{"start":{"line":77,"column":16},"end":{"line":77,"column":67}},"22":{"start":{"line":78,"column":4},"end":{"line":78,"column":null}},"23":{"start":{"line":78,"column":22},"end":{"line":78,"column":null}},"24":{"start":{"line":79,"column":4},"end":{"line":79,"column":null}},"25":{"start":{"line":81,"column":4},"end":{"line":81,"column":null}},"26":{"start":{"line":91,"column":2},"end":{"line":91,"column":null}},"27":{"start":{"line":91,"column":29},"end":{"line":91,"column":null}},"28":{"start":{"line":93,"column":2},"end":{"line":95,"column":null}},"29":{"start":{"line":94,"column":4},"end":{"line":94,"column":null}},"30":{"start":{"line":109,"column":2},"end":{"line":109,"column":null}},"31":{"start":{"line":109,"column":29},"end":{"line":109,"column":null}},"32":{"start":{"line":111,"column":2},"end":{"line":116,"column":null}},"33":{"start":{"line":112,"column":16},"end":{"line":112,"column":51}},"34":{"start":{"line":113,"column":4},"end":{"line":113,"column":null}},"35":{"start":{"line":113,"column":22},"end":{"line":113,"column":null}},"36":{"start":{"line":114,"column":4},"end":{"line":114,"column":null}},"37":{"start":{"line":116,"column":4},"end":{"line":116,"column":null}},"38":{"start":{"line":126,"column":2},"end":{"line":126,"column":null}},"39":{"start":{"line":126,"column":29},"end":{"line":126,"column":null}},"40":{"start":{"line":128,"column":2},"end":{"line":133,"column":null}},"41":{"start":{"line":129,"column":21},"end":{"line":130,"column":null}},"42":{"start":{"line":130,"column":13},"end":{"line":130,"column":null}},"43":{"start":{"line":132,"column":4},"end":{"line":132,"column":null}},"44":{"start":{"line":143,"column":2},"end":{"line":143,"column":null}},"45":{"start":{"line":143,"column":29},"end":{"line":143,"column":null}},"46":{"start":{"line":145,"column":2},"end":{"line":150,"column":null}},"47":{"start":{"line":146,"column":20},"end":{"line":147,"column":null}},"48":{"start":{"line":147,"column":13},"end":{"line":147,"column":null}},"49":{"start":{"line":149,"column":4},"end":{"line":149,"column":null}},"50":{"start":{"line":159,"column":2},"end":{"line":161,"column":null}},"51":{"start":{"line":160,"column":11},"end":{"line":160,"column":null}},"52":{"start":{"line":173,"column":2},"end":{"line":173,"column":null}},"53":{"start":{"line":173,"column":29},"end":{"line":173,"column":null}},"54":{"start":{"line":175,"column":2},"end":{"line":180,"column":null}},"55":{"start":{"line":176,"column":16},"end":{"line":176,"column":53}},"56":{"start":{"line":177,"column":4},"end":{"line":177,"column":null}},"57":{"start":{"line":177,"column":22},"end":{"line":177,"column":null}},"58":{"start":{"line":178,"column":4},"end":{"line":178,"column":null}},"59":{"start":{"line":180,"column":4},"end":{"line":180,"column":null}},"60":{"start":{"line":189,"column":2},"end":{"line":189,"column":null}},"61":{"start":{"line":189,"column":29},"end":{"line":189,"column":null}},"62":{"start":{"line":191,"column":2},"end":{"line":193,"column":null}},"63":{"start":{"line":192,"column":4},"end":{"line":192,"column":null}}},"fnMap":{"0":{"name":"isStorageAvailable","decl":{"start":{"line":22,"column":16},"end":{"line":22,"column":46}},"loc":{"start":{"line":22,"column":46},"end":{"line":29,"column":null}},"line":22},"1":{"name":"getItem","decl":{"start":{"line":41,"column":16},"end":{"line":41,"column":24}},"loc":{"start":{"line":41,"column":52},"end":{"line":47,"column":null}},"line":41},"2":{"name":"setItem","decl":{"start":{"line":55,"column":16},"end":{"line":55,"column":24}},"loc":{"start":{"line":55,"column":58},"end":{"line":60,"column":null}},"line":55},"3":{"name":"getReadingProgress","decl":{"start":{"line":73,"column":16},"end":{"line":73,"column":35}},"loc":{"start":{"line":73,"column":76},"end":{"line":81,"column":null}},"line":73},"4":{"name":"saveReadingProgress","decl":{"start":{"line":90,"column":16},"end":{"line":90,"column":36}},"loc":{"start":{"line":90,"column":69},"end":{"line":95,"column":null}},"line":90},"5":{"name":"getAllBookmarks","decl":{"start":{"line":108,"column":16},"end":{"line":108,"column":46}},"loc":{"start":{"line":108,"column":46},"end":{"line":116,"column":null}},"line":108},"6":{"name":"addBookmark","decl":{"start":{"line":125,"column":16},"end":{"line":125,"column":28}},"loc":{"start":{"line":125,"column":54},"end":{"line":133,"column":null}},"line":125},"7":{"name":"(anonymous_7)","decl":{"start":{"line":129,"column":39},"end":{"line":129,"column":null}},"loc":{"start":{"line":130,"column":13},"end":{"line":130,"column":null}},"line":130},"8":{"name":"removeBookmark","decl":{"start":{"line":142,"column":16},"end":{"line":142,"column":31}},"loc":{"start":{"line":142,"column":77},"end":{"line":150,"column":null}},"line":142},"9":{"name":"(anonymous_9)","decl":{"start":{"line":146,"column":38},"end":{"line":146,"column":null}},"loc":{"start":{"line":147,"column":13},"end":{"line":147,"column":null}},"line":147},"10":{"name":"isBookmarked","decl":{"start":{"line":158,"column":16},"end":{"line":158,"column":29}},"loc":{"start":{"line":158,"column":78},"end":{"line":161,"column":null}},"line":158},"11":{"name":"(anonymous_11)","decl":{"start":{"line":159,"column":27},"end":{"line":159,"column":null}},"loc":{"start":{"line":160,"column":11},"end":{"line":160,"column":null}},"line":160},"12":{"name":"getReadingPreferences","decl":{"start":{"line":172,"column":16},"end":{"line":172,"column":60}},"loc":{"start":{"line":172,"column":60},"end":{"line":180,"column":null}},"line":172},"13":{"name":"saveReadingPreferences","decl":{"start":{"line":188,"column":16},"end":{"line":188,"column":39}},"loc":{"start":{"line":188,"column":72},"end":{"line":193,"column":null}},"line":188}},"branchMap":{"0":{"loc":{"start":{"line":42,"column":2},"end":{"line":42,"column":null}},"type":"if","locations":[{"start":{"line":42,"column":2},"end":{"line":42,"column":null}},{"start":{},"end":{}}],"line":42},"1":{"loc":{"start":{"line":56,"column":2},"end":{"line":56,"column":null}},"type":"if","locations":[{"start":{"line":56,"column":2},"end":{"line":56,"column":null}},{"start":{},"end":{}}],"line":56},"2":{"loc":{"start":{"line":74,"column":2},"end":{"line":74,"column":null}},"type":"if","locations":[{"start":{"line":74,"column":2},"end":{"line":74,"column":null}},{"start":{},"end":{}}],"line":74},"3":{"loc":{"start":{"line":78,"column":4},"end":{"line":78,"column":null}},"type":"if","locations":[{"start":{"line":78,"column":4},"end":{"line":78,"column":null}},{"start":{},"end":{}}],"line":78},"4":{"loc":{"start":{"line":91,"column":2},"end":{"line":91,"column":null}},"type":"if","locations":[{"start":{"line":91,"column":2},"end":{"line":91,"column":null}},{"start":{},"end":{}}],"line":91},"5":{"loc":{"start":{"line":109,"column":2},"end":{"line":109,"column":null}},"type":"if","locations":[{"start":{"line":109,"column":2},"end":{"line":109,"column":null}},{"start":{},"end":{}}],"line":109},"6":{"loc":{"start":{"line":113,"column":4},"end":{"line":113,"column":null}},"type":"if","locations":[{"start":{"line":113,"column":4},"end":{"line":113,"column":null}},{"start":{},"end":{}}],"line":113},"7":{"loc":{"start":{"line":126,"column":2},"end":{"line":126,"column":null}},"type":"if","locations":[{"start":{"line":126,"column":2},"end":{"line":126,"column":null}},{"start":{},"end":{}}],"line":126},"8":{"loc":{"start":{"line":130,"column":15},"end":{"line":130,"column":null}},"type":"binary-expr","locations":[{"start":{"line":130,"column":15},"end":{"line":130,"column":49}},{"start":{"line":130,"column":49},"end":{"line":130,"column":null}}],"line":130},"9":{"loc":{"start":{"line":143,"column":2},"end":{"line":143,"column":null}},"type":"if","locations":[{"start":{"line":143,"column":2},"end":{"line":143,"column":null}},{"start":{},"end":{}}],"line":143},"10":{"loc":{"start":{"line":147,"column":15},"end":{"line":147,"column":null}},"type":"binary-expr","locations":[{"start":{"line":147,"column":15},"end":{"line":147,"column":40}},{"start":{"line":147,"column":40},"end":{"line":147,"column":null}}],"line":147},"11":{"loc":{"start":{"line":160,"column":11},"end":{"line":160,"column":null}},"type":"binary-expr","locations":[{"start":{"line":160,"column":11},"end":{"line":160,"column":36}},{"start":{"line":160,"column":36},"end":{"line":160,"column":null}}],"line":160},"12":{"loc":{"start":{"line":173,"column":2},"end":{"line":173,"column":null}},"type":"if","locations":[{"start":{"line":173,"column":2},"end":{"line":173,"column":null}},{"start":{},"end":{}}],"line":173},"13":{"loc":{"start":{"line":177,"column":4},"end":{"line":177,"column":null}},"type":"if","locations":[{"start":{"line":177,"column":4},"end":{"line":177,"column":null}},{"start":{},"end":{}}],"line":177},"14":{"loc":{"start":{"line":189,"column":2},"end":{"line":189,"column":null}},"type":"if","locations":[{"start":{"line":189,"column":2},"end":{"line":189,"column":null}},{"start":{},"end":{}}],"line":189}},"s":{"0":9,"1":9,"2":9,"3":412167,"4":412167,"5":412167,"6":412167,"7":412167,"8":0,"9":101394,"10":0,"11":101394,"12":101394,"13":0,"14":97375,"15":0,"16":97375,"17":97375,"18":7053,"19":0,"20":7053,"21":7053,"22":7053,"23":0,"24":7053,"25":0,"26":6780,"27":0,"28":6780,"29":6780,"30":340,"31":0,"32":340,"33":340,"34":340,"35":41,"36":299,"37":0,"38":100,"39":0,"40":100,"41":100,"42":0,"43":100,"44":100,"45":0,"46":100,"47":100,"48":100,"49":100,"50":121,"51":0,"52":42,"53":0,"54":42,"55":42,"56":42,"57":42,"58":0,"59":0,"60":0,"61":0,"62":0,"63":0},"f":{"0":412167,"1":101394,"2":97375,"3":7053,"4":6780,"5":340,"6":100,"7":0,"8":100,"9":100,"10":121,"11":0,"12":42,"13":0},"b":{"0":[0,101394],"1":[0,97375],"2":[0,7053],"3":[0,7053],"4":[0,6780],"5":[0,340],"6":[41,299],"7":[0,100],"8":[0,0],"9":[0,100],"10":[100,100],"11":[0,0],"12":[0,42],"13":[42,0],"14":[0,0]},"meta":{"lastBranch":15,"lastFunction":14,"lastStatement":64,"seen":{"s:10:28:10:Infinity":0,"s:11:22:11:Infinity":1,"s:12:24:12:Infinity":2,"f:22:16:22:46":0,"s:23:2:29:Infinity":3,"s:24:20:24:Infinity":4,"s:25:4:25:Infinity":5,"s:26:4:26:Infinity":6,"s:27:4:27:Infinity":7,"s:29:4:29:Infinity":8,"f:41:16:41:24":1,"b:42:2:42:Infinity:undefined:undefined:undefined:undefined":0,"s:42:2:42:Infinity":9,"s:42:29:42:Infinity":10,"s:44:2:47:Infinity":11,"s:45:4:45:Infinity":12,"s:47:4:47:Infinity":13,"f:55:16:55:24":2,"b:56:2:56:Infinity:undefined:undefined:undefined:undefined":1,"s:56:2:56:Infinity":14,"s:56:29:56:Infinity":15,"s:58:2:60:Infinity":16,"s:59:4:59:Infinity":17,"f:73:16:73:35":3,"b:74:2:74:Infinity:undefined:undefined:undefined:undefined":2,"s:74:2:74:Infinity":18,"s:74:29:74:Infinity":19,"s:76:2:81:Infinity":20,"s:77:16:77:67":21,"b:78:4:78:Infinity:undefined:undefined:undefined:undefined":3,"s:78:4:78:Infinity":22,"s:78:22:78:Infinity":23,"s:79:4:79:Infinity":24,"s:81:4:81:Infinity":25,"f:90:16:90:36":4,"b:91:2:91:Infinity:undefined:undefined:undefined:undefined":4,"s:91:2:91:Infinity":26,"s:91:29:91:Infinity":27,"s:93:2:95:Infinity":28,"s:94:4:94:Infinity":29,"f:108:16:108:46":5,"b:109:2:109:Infinity:undefined:undefined:undefined:undefined":5,"s:109:2:109:Infinity":30,"s:109:29:109:Infinity":31,"s:111:2:116:Infinity":32,"s:112:16:112:51":33,"b:113:4:113:Infinity:undefined:undefined:undefined:undefined":6,"s:113:4:113:Infinity":34,"s:113:22:113:Infinity":35,"s:114:4:114:Infinity":36,"s:116:4:116:Infinity":37,"f:125:16:125:28":6,"b:126:2:126:Infinity:undefined:undefined:undefined:undefined":7,"s:126:2:126:Infinity":38,"s:126:29:126:Infinity":39,"s:128:2:133:Infinity":40,"s:129:21:130:Infinity":41,"f:129:39:129:Infinity":7,"s:130:13:130:Infinity":42,"b:130:15:130:49:130:49:130:Infinity":8,"s:132:4:132:Infinity":43,"f:142:16:142:31":8,"b:143:2:143:Infinity:undefined:undefined:undefined:undefined":9,"s:143:2:143:Infinity":44,"s:143:29:143:Infinity":45,"s:145:2:150:Infinity":46,"s:146:20:147:Infinity":47,"f:146:38:146:Infinity":9,"s:147:13:147:Infinity":48,"b:147:15:147:40:147:40:147:Infinity":10,"s:149:4:149:Infinity":49,"f:158:16:158:29":10,"s:159:2:161:Infinity":50,"f:159:27:159:Infinity":11,"s:160:11:160:Infinity":51,"b:160:11:160:36:160:36:160:Infinity":11,"f:172:16:172:60":12,"b:173:2:173:Infinity:undefined:undefined:undefined:undefined":12,"s:173:2:173:Infinity":52,"s:173:29:173:Infinity":53,"s:175:2:180:Infinity":54,"s:176:16:176:53":55,"b:177:4:177:Infinity:undefined:undefined:undefined:undefined":13,"s:177:4:177:Infinity":56,"s:177:22:177:Infinity":57,"s:178:4:178:Infinity":58,"s:180:4:180:Infinity":59,"f:188:16:188:39":13,"b:189:2:189:Infinity:undefined:undefined:undefined:undefined":14,"s:189:2:189:Infinity":60,"s:189:29:189:Infinity":61,"s:191:2:193:Infinity":62,"s:192:4:192:Infinity":63}}}
}
